[2024-10-04T00:36:42.045+0000] {processor.py:156} INFO - Started process (PID=1574) to work on /opt/airflow/dags/dag.py
[2024-10-04T00:36:42.050+0000] {processor.py:799} INFO - Processing file /opt/airflow/dags/dag.py for tasks to queue
[2024-10-04T00:36:42.054+0000] {logging_mixin.py:149} INFO - [2024-10-04T00:36:42.053+0000] {dagbag.py:541} INFO - Filling up the DagBag from /opt/airflow/dags/dag.py
[2024-10-04T00:36:44.849+0000] {processor.py:809} INFO - DAG(s) dict_keys(['smiles_to_s3']) retrieved from /opt/airflow/dags/dag.py
[2024-10-04T00:36:44.951+0000] {logging_mixin.py:149} INFO - [2024-10-04T00:36:44.951+0000] {dag.py:2726} INFO - Sync 1 DAGs
[2024-10-04T00:36:45.011+0000] {logging_mixin.py:149} INFO - [2024-10-04T00:36:45.010+0000] {dag.py:3490} INFO - Setting next_dagrun for smiles_to_s3 to 2024-10-04T00:00:00+00:00, run_after=2024-10-05T00:00:00+00:00
[2024-10-04T00:36:45.041+0000] {processor.py:178} INFO - Processing /opt/airflow/dags/dag.py took 3.040 seconds
[2024-10-04T02:29:27.764+0000] {processor.py:156} INFO - Started process (PID=1618) to work on /opt/airflow/dags/dag.py
[2024-10-04T02:29:27.774+0000] {processor.py:799} INFO - Processing file /opt/airflow/dags/dag.py for tasks to queue
[2024-10-04T02:29:27.776+0000] {logging_mixin.py:149} INFO - [2024-10-04T02:29:27.776+0000] {dagbag.py:541} INFO - Filling up the DagBag from /opt/airflow/dags/dag.py
[2024-10-04T02:29:28.833+0000] {processor.py:809} INFO - DAG(s) dict_keys(['smiles_to_s3']) retrieved from /opt/airflow/dags/dag.py
[2024-10-04T02:29:28.851+0000] {logging_mixin.py:149} INFO - [2024-10-04T02:29:28.851+0000] {dag.py:2726} INFO - Sync 1 DAGs
[2024-10-04T02:29:28.874+0000] {logging_mixin.py:149} INFO - [2024-10-04T02:29:28.874+0000] {dag.py:3490} INFO - Setting next_dagrun for smiles_to_s3 to 2024-10-04T00:00:00+00:00, run_after=2024-10-05T00:00:00+00:00
[2024-10-04T02:29:28.903+0000] {processor.py:178} INFO - Processing /opt/airflow/dags/dag.py took 1.175 seconds
[2024-10-04T04:23:03.854+0000] {processor.py:156} INFO - Started process (PID=1641) to work on /opt/airflow/dags/dag.py
[2024-10-04T04:23:03.857+0000] {processor.py:799} INFO - Processing file /opt/airflow/dags/dag.py for tasks to queue
[2024-10-04T04:23:03.860+0000] {logging_mixin.py:149} INFO - [2024-10-04T04:23:03.859+0000] {dagbag.py:541} INFO - Filling up the DagBag from /opt/airflow/dags/dag.py
[2024-10-04T04:23:05.604+0000] {processor.py:809} INFO - DAG(s) dict_keys(['smiles_to_s3']) retrieved from /opt/airflow/dags/dag.py
[2024-10-04T04:23:05.625+0000] {logging_mixin.py:149} INFO - [2024-10-04T04:23:05.624+0000] {dag.py:2726} INFO - Sync 1 DAGs
[2024-10-04T04:23:05.652+0000] {logging_mixin.py:149} INFO - [2024-10-04T04:23:05.652+0000] {dag.py:3490} INFO - Setting next_dagrun for smiles_to_s3 to 2024-10-04T00:00:00+00:00, run_after=2024-10-05T00:00:00+00:00
[2024-10-04T04:23:05.672+0000] {processor.py:178} INFO - Processing /opt/airflow/dags/dag.py took 1.833 seconds
[2024-10-04T05:27:11.755+0000] {processor.py:156} INFO - Started process (PID=1656) to work on /opt/airflow/dags/dag.py
[2024-10-04T05:27:11.773+0000] {processor.py:799} INFO - Processing file /opt/airflow/dags/dag.py for tasks to queue
[2024-10-04T05:27:11.778+0000] {logging_mixin.py:149} INFO - [2024-10-04T05:27:11.778+0000] {dagbag.py:541} INFO - Filling up the DagBag from /opt/airflow/dags/dag.py
[2024-10-04T05:27:13.129+0000] {processor.py:809} INFO - DAG(s) dict_keys(['smiles_to_s3']) retrieved from /opt/airflow/dags/dag.py
[2024-10-04T05:27:13.144+0000] {logging_mixin.py:149} INFO - [2024-10-04T05:27:13.144+0000] {dag.py:2726} INFO - Sync 1 DAGs
[2024-10-04T05:27:13.173+0000] {logging_mixin.py:149} INFO - [2024-10-04T05:27:13.173+0000] {dag.py:3490} INFO - Setting next_dagrun for smiles_to_s3 to 2024-10-04T00:00:00+00:00, run_after=2024-10-05T00:00:00+00:00
[2024-10-04T05:27:13.190+0000] {processor.py:178} INFO - Processing /opt/airflow/dags/dag.py took 1.449 seconds
[2024-10-04T07:04:27.984+0000] {processor.py:156} INFO - Started process (PID=1669) to work on /opt/airflow/dags/dag.py
[2024-10-04T07:04:27.986+0000] {processor.py:799} INFO - Processing file /opt/airflow/dags/dag.py for tasks to queue
[2024-10-04T07:04:27.987+0000] {logging_mixin.py:149} INFO - [2024-10-04T07:04:27.987+0000] {dagbag.py:541} INFO - Filling up the DagBag from /opt/airflow/dags/dag.py
[2024-10-04T07:04:29.871+0000] {processor.py:809} INFO - DAG(s) dict_keys(['smiles_to_s3']) retrieved from /opt/airflow/dags/dag.py
[2024-10-04T07:04:29.888+0000] {logging_mixin.py:149} INFO - [2024-10-04T07:04:29.888+0000] {dag.py:2726} INFO - Sync 1 DAGs
[2024-10-04T07:04:29.937+0000] {logging_mixin.py:149} INFO - [2024-10-04T07:04:29.937+0000] {dag.py:3490} INFO - Setting next_dagrun for smiles_to_s3 to 2024-10-04T00:00:00+00:00, run_after=2024-10-05T00:00:00+00:00
[2024-10-04T07:04:29.969+0000] {processor.py:178} INFO - Processing /opt/airflow/dags/dag.py took 2.011 seconds
[2024-10-04T07:05:00.901+0000] {processor.py:156} INFO - Started process (PID=1682) to work on /opt/airflow/dags/dag.py
[2024-10-04T07:05:00.905+0000] {processor.py:799} INFO - Processing file /opt/airflow/dags/dag.py for tasks to queue
[2024-10-04T07:05:00.906+0000] {logging_mixin.py:149} INFO - [2024-10-04T07:05:00.906+0000] {dagbag.py:541} INFO - Filling up the DagBag from /opt/airflow/dags/dag.py
[2024-10-04T07:05:02.173+0000] {processor.py:809} INFO - DAG(s) dict_keys(['smiles_to_s3']) retrieved from /opt/airflow/dags/dag.py
[2024-10-04T07:05:02.197+0000] {logging_mixin.py:149} INFO - [2024-10-04T07:05:02.196+0000] {dag.py:2726} INFO - Sync 1 DAGs
[2024-10-04T07:05:02.227+0000] {logging_mixin.py:149} INFO - [2024-10-04T07:05:02.226+0000] {dag.py:3490} INFO - Setting next_dagrun for smiles_to_s3 to 2024-10-04T00:00:00+00:00, run_after=2024-10-05T00:00:00+00:00
[2024-10-04T07:05:02.249+0000] {processor.py:178} INFO - Processing /opt/airflow/dags/dag.py took 1.362 seconds
[2024-10-04T07:05:32.688+0000] {processor.py:156} INFO - Started process (PID=1695) to work on /opt/airflow/dags/dag.py
[2024-10-04T07:05:32.690+0000] {processor.py:799} INFO - Processing file /opt/airflow/dags/dag.py for tasks to queue
[2024-10-04T07:05:32.691+0000] {logging_mixin.py:149} INFO - [2024-10-04T07:05:32.691+0000] {dagbag.py:541} INFO - Filling up the DagBag from /opt/airflow/dags/dag.py
[2024-10-04T07:05:33.384+0000] {processor.py:809} INFO - DAG(s) dict_keys(['smiles_to_s3']) retrieved from /opt/airflow/dags/dag.py
[2024-10-04T07:05:33.399+0000] {logging_mixin.py:149} INFO - [2024-10-04T07:05:33.399+0000] {dag.py:2726} INFO - Sync 1 DAGs
[2024-10-04T07:05:33.416+0000] {logging_mixin.py:149} INFO - [2024-10-04T07:05:33.416+0000] {dag.py:3490} INFO - Setting next_dagrun for smiles_to_s3 to 2024-10-04T00:00:00+00:00, run_after=2024-10-05T00:00:00+00:00
[2024-10-04T07:05:33.427+0000] {processor.py:178} INFO - Processing /opt/airflow/dags/dag.py took 0.749 seconds
[2024-10-04T07:06:03.670+0000] {processor.py:156} INFO - Started process (PID=1708) to work on /opt/airflow/dags/dag.py
[2024-10-04T07:06:03.673+0000] {processor.py:799} INFO - Processing file /opt/airflow/dags/dag.py for tasks to queue
[2024-10-04T07:06:03.675+0000] {logging_mixin.py:149} INFO - [2024-10-04T07:06:03.674+0000] {dagbag.py:541} INFO - Filling up the DagBag from /opt/airflow/dags/dag.py
[2024-10-04T07:06:04.434+0000] {processor.py:809} INFO - DAG(s) dict_keys(['smiles_to_s3']) retrieved from /opt/airflow/dags/dag.py
[2024-10-04T07:06:04.447+0000] {logging_mixin.py:149} INFO - [2024-10-04T07:06:04.446+0000] {dag.py:2726} INFO - Sync 1 DAGs
[2024-10-04T07:06:04.486+0000] {logging_mixin.py:149} INFO - [2024-10-04T07:06:04.486+0000] {dag.py:3490} INFO - Setting next_dagrun for smiles_to_s3 to 2024-10-04T00:00:00+00:00, run_after=2024-10-05T00:00:00+00:00
[2024-10-04T07:06:04.534+0000] {processor.py:178} INFO - Processing /opt/airflow/dags/dag.py took 0.884 seconds
[2024-10-04T07:06:35.049+0000] {processor.py:156} INFO - Started process (PID=1721) to work on /opt/airflow/dags/dag.py
[2024-10-04T07:06:35.052+0000] {processor.py:799} INFO - Processing file /opt/airflow/dags/dag.py for tasks to queue
[2024-10-04T07:06:35.053+0000] {logging_mixin.py:149} INFO - [2024-10-04T07:06:35.053+0000] {dagbag.py:541} INFO - Filling up the DagBag from /opt/airflow/dags/dag.py
[2024-10-04T07:06:35.815+0000] {processor.py:809} INFO - DAG(s) dict_keys(['smiles_to_s3']) retrieved from /opt/airflow/dags/dag.py
[2024-10-04T07:06:35.832+0000] {logging_mixin.py:149} INFO - [2024-10-04T07:06:35.831+0000] {dag.py:2726} INFO - Sync 1 DAGs
[2024-10-04T07:06:35.866+0000] {logging_mixin.py:149} INFO - [2024-10-04T07:06:35.865+0000] {dag.py:3490} INFO - Setting next_dagrun for smiles_to_s3 to 2024-10-04T00:00:00+00:00, run_after=2024-10-05T00:00:00+00:00
[2024-10-04T07:06:35.884+0000] {processor.py:178} INFO - Processing /opt/airflow/dags/dag.py took 0.844 seconds
[2024-10-04T07:07:06.269+0000] {processor.py:156} INFO - Started process (PID=1734) to work on /opt/airflow/dags/dag.py
[2024-10-04T07:07:06.270+0000] {processor.py:799} INFO - Processing file /opt/airflow/dags/dag.py for tasks to queue
[2024-10-04T07:07:06.271+0000] {logging_mixin.py:149} INFO - [2024-10-04T07:07:06.271+0000] {dagbag.py:541} INFO - Filling up the DagBag from /opt/airflow/dags/dag.py
[2024-10-04T07:07:06.681+0000] {processor.py:809} INFO - DAG(s) dict_keys(['smiles_to_s3']) retrieved from /opt/airflow/dags/dag.py
[2024-10-04T07:07:06.690+0000] {logging_mixin.py:149} INFO - [2024-10-04T07:07:06.690+0000] {dag.py:2726} INFO - Sync 1 DAGs
[2024-10-04T07:07:06.703+0000] {logging_mixin.py:149} INFO - [2024-10-04T07:07:06.703+0000] {dag.py:3490} INFO - Setting next_dagrun for smiles_to_s3 to 2024-10-04T00:00:00+00:00, run_after=2024-10-05T00:00:00+00:00
[2024-10-04T07:07:06.711+0000] {processor.py:178} INFO - Processing /opt/airflow/dags/dag.py took 0.450 seconds
[2024-10-04T07:07:36.978+0000] {processor.py:156} INFO - Started process (PID=1747) to work on /opt/airflow/dags/dag.py
[2024-10-04T07:07:36.980+0000] {processor.py:799} INFO - Processing file /opt/airflow/dags/dag.py for tasks to queue
[2024-10-04T07:07:36.981+0000] {logging_mixin.py:149} INFO - [2024-10-04T07:07:36.981+0000] {dagbag.py:541} INFO - Filling up the DagBag from /opt/airflow/dags/dag.py
[2024-10-04T07:07:37.418+0000] {processor.py:809} INFO - DAG(s) dict_keys(['smiles_to_s3']) retrieved from /opt/airflow/dags/dag.py
[2024-10-04T07:07:37.429+0000] {logging_mixin.py:149} INFO - [2024-10-04T07:07:37.429+0000] {dag.py:2726} INFO - Sync 1 DAGs
[2024-10-04T07:07:37.445+0000] {logging_mixin.py:149} INFO - [2024-10-04T07:07:37.444+0000] {dag.py:3490} INFO - Setting next_dagrun for smiles_to_s3 to 2024-10-04T00:00:00+00:00, run_after=2024-10-05T00:00:00+00:00
[2024-10-04T07:07:37.454+0000] {processor.py:178} INFO - Processing /opt/airflow/dags/dag.py took 0.485 seconds
[2024-10-04T07:08:07.874+0000] {processor.py:156} INFO - Started process (PID=1760) to work on /opt/airflow/dags/dag.py
[2024-10-04T07:08:07.875+0000] {processor.py:799} INFO - Processing file /opt/airflow/dags/dag.py for tasks to queue
[2024-10-04T07:08:07.876+0000] {logging_mixin.py:149} INFO - [2024-10-04T07:08:07.876+0000] {dagbag.py:541} INFO - Filling up the DagBag from /opt/airflow/dags/dag.py
[2024-10-04T07:08:08.302+0000] {processor.py:809} INFO - DAG(s) dict_keys(['smiles_to_s3']) retrieved from /opt/airflow/dags/dag.py
[2024-10-04T07:08:08.311+0000] {logging_mixin.py:149} INFO - [2024-10-04T07:08:08.311+0000] {dag.py:2726} INFO - Sync 1 DAGs
[2024-10-04T07:08:08.324+0000] {logging_mixin.py:149} INFO - [2024-10-04T07:08:08.324+0000] {dag.py:3490} INFO - Setting next_dagrun for smiles_to_s3 to 2024-10-04T00:00:00+00:00, run_after=2024-10-05T00:00:00+00:00
[2024-10-04T07:08:08.332+0000] {processor.py:178} INFO - Processing /opt/airflow/dags/dag.py took 0.463 seconds
[2024-10-04T07:08:38.808+0000] {processor.py:156} INFO - Started process (PID=1773) to work on /opt/airflow/dags/dag.py
[2024-10-04T07:08:38.810+0000] {processor.py:799} INFO - Processing file /opt/airflow/dags/dag.py for tasks to queue
[2024-10-04T07:08:38.811+0000] {logging_mixin.py:149} INFO - [2024-10-04T07:08:38.811+0000] {dagbag.py:541} INFO - Filling up the DagBag from /opt/airflow/dags/dag.py
[2024-10-04T07:08:39.352+0000] {processor.py:809} INFO - DAG(s) dict_keys(['smiles_to_s3']) retrieved from /opt/airflow/dags/dag.py
[2024-10-04T07:08:39.361+0000] {logging_mixin.py:149} INFO - [2024-10-04T07:08:39.361+0000] {dag.py:2726} INFO - Sync 1 DAGs
[2024-10-04T07:08:39.374+0000] {logging_mixin.py:149} INFO - [2024-10-04T07:08:39.374+0000] {dag.py:3490} INFO - Setting next_dagrun for smiles_to_s3 to 2024-10-04T00:00:00+00:00, run_after=2024-10-05T00:00:00+00:00
[2024-10-04T07:08:39.383+0000] {processor.py:178} INFO - Processing /opt/airflow/dags/dag.py took 0.598 seconds
[2024-10-04T07:09:09.613+0000] {processor.py:156} INFO - Started process (PID=1786) to work on /opt/airflow/dags/dag.py
[2024-10-04T07:09:09.616+0000] {processor.py:799} INFO - Processing file /opt/airflow/dags/dag.py for tasks to queue
[2024-10-04T07:09:09.617+0000] {logging_mixin.py:149} INFO - [2024-10-04T07:09:09.617+0000] {dagbag.py:541} INFO - Filling up the DagBag from /opt/airflow/dags/dag.py
[2024-10-04T07:09:10.205+0000] {processor.py:809} INFO - DAG(s) dict_keys(['smiles_to_s3']) retrieved from /opt/airflow/dags/dag.py
[2024-10-04T07:09:10.220+0000] {logging_mixin.py:149} INFO - [2024-10-04T07:09:10.220+0000] {dag.py:2726} INFO - Sync 1 DAGs
[2024-10-04T07:09:10.234+0000] {logging_mixin.py:149} INFO - [2024-10-04T07:09:10.234+0000] {dag.py:3490} INFO - Setting next_dagrun for smiles_to_s3 to 2024-10-04T00:00:00+00:00, run_after=2024-10-05T00:00:00+00:00
[2024-10-04T07:09:10.244+0000] {processor.py:178} INFO - Processing /opt/airflow/dags/dag.py took 0.641 seconds
[2024-10-04T07:09:40.311+0000] {processor.py:156} INFO - Started process (PID=1799) to work on /opt/airflow/dags/dag.py
[2024-10-04T07:09:40.314+0000] {processor.py:799} INFO - Processing file /opt/airflow/dags/dag.py for tasks to queue
[2024-10-04T07:09:40.315+0000] {logging_mixin.py:149} INFO - [2024-10-04T07:09:40.315+0000] {dagbag.py:541} INFO - Filling up the DagBag from /opt/airflow/dags/dag.py
[2024-10-04T07:09:40.880+0000] {processor.py:809} INFO - DAG(s) dict_keys(['smiles_to_s3']) retrieved from /opt/airflow/dags/dag.py
[2024-10-04T07:09:40.893+0000] {logging_mixin.py:149} INFO - [2024-10-04T07:09:40.892+0000] {dag.py:2726} INFO - Sync 1 DAGs
[2024-10-04T07:09:40.908+0000] {logging_mixin.py:149} INFO - [2024-10-04T07:09:40.908+0000] {dag.py:3490} INFO - Setting next_dagrun for smiles_to_s3 to 2024-10-04T00:00:00+00:00, run_after=2024-10-05T00:00:00+00:00
[2024-10-04T07:09:40.917+0000] {processor.py:178} INFO - Processing /opt/airflow/dags/dag.py took 0.614 seconds
[2024-10-04T07:10:11.549+0000] {processor.py:156} INFO - Started process (PID=1812) to work on /opt/airflow/dags/dag.py
[2024-10-04T07:10:11.552+0000] {processor.py:799} INFO - Processing file /opt/airflow/dags/dag.py for tasks to queue
[2024-10-04T07:10:11.553+0000] {logging_mixin.py:149} INFO - [2024-10-04T07:10:11.553+0000] {dagbag.py:541} INFO - Filling up the DagBag from /opt/airflow/dags/dag.py
[2024-10-04T07:10:12.135+0000] {processor.py:809} INFO - DAG(s) dict_keys(['smiles_to_s3']) retrieved from /opt/airflow/dags/dag.py
[2024-10-04T07:10:12.148+0000] {logging_mixin.py:149} INFO - [2024-10-04T07:10:12.148+0000] {dag.py:2726} INFO - Sync 1 DAGs
[2024-10-04T07:10:12.177+0000] {logging_mixin.py:149} INFO - [2024-10-04T07:10:12.177+0000] {dag.py:3490} INFO - Setting next_dagrun for smiles_to_s3 to 2024-10-04T00:00:00+00:00, run_after=2024-10-05T00:00:00+00:00
[2024-10-04T07:10:12.191+0000] {processor.py:178} INFO - Processing /opt/airflow/dags/dag.py took 0.659 seconds
[2024-10-04T07:10:42.742+0000] {processor.py:156} INFO - Started process (PID=1825) to work on /opt/airflow/dags/dag.py
[2024-10-04T07:10:42.745+0000] {processor.py:799} INFO - Processing file /opt/airflow/dags/dag.py for tasks to queue
[2024-10-04T07:10:42.746+0000] {logging_mixin.py:149} INFO - [2024-10-04T07:10:42.746+0000] {dagbag.py:541} INFO - Filling up the DagBag from /opt/airflow/dags/dag.py
[2024-10-04T07:10:43.316+0000] {processor.py:809} INFO - DAG(s) dict_keys(['smiles_to_s3']) retrieved from /opt/airflow/dags/dag.py
[2024-10-04T07:10:43.326+0000] {logging_mixin.py:149} INFO - [2024-10-04T07:10:43.326+0000] {dag.py:2726} INFO - Sync 1 DAGs
[2024-10-04T07:10:43.340+0000] {logging_mixin.py:149} INFO - [2024-10-04T07:10:43.340+0000] {dag.py:3490} INFO - Setting next_dagrun for smiles_to_s3 to 2024-10-04T00:00:00+00:00, run_after=2024-10-05T00:00:00+00:00
[2024-10-04T07:10:43.348+0000] {processor.py:178} INFO - Processing /opt/airflow/dags/dag.py took 0.614 seconds
[2024-10-04T07:11:13.749+0000] {processor.py:156} INFO - Started process (PID=1838) to work on /opt/airflow/dags/dag.py
[2024-10-04T07:11:13.751+0000] {processor.py:799} INFO - Processing file /opt/airflow/dags/dag.py for tasks to queue
[2024-10-04T07:11:13.752+0000] {logging_mixin.py:149} INFO - [2024-10-04T07:11:13.752+0000] {dagbag.py:541} INFO - Filling up the DagBag from /opt/airflow/dags/dag.py
[2024-10-04T07:11:14.275+0000] {processor.py:809} INFO - DAG(s) dict_keys(['smiles_to_s3']) retrieved from /opt/airflow/dags/dag.py
[2024-10-04T07:11:14.284+0000] {logging_mixin.py:149} INFO - [2024-10-04T07:11:14.284+0000] {dag.py:2726} INFO - Sync 1 DAGs
[2024-10-04T07:11:14.297+0000] {logging_mixin.py:149} INFO - [2024-10-04T07:11:14.297+0000] {dag.py:3490} INFO - Setting next_dagrun for smiles_to_s3 to 2024-10-04T00:00:00+00:00, run_after=2024-10-05T00:00:00+00:00
[2024-10-04T07:11:14.306+0000] {processor.py:178} INFO - Processing /opt/airflow/dags/dag.py took 0.563 seconds
[2024-10-04T07:11:44.659+0000] {processor.py:156} INFO - Started process (PID=1851) to work on /opt/airflow/dags/dag.py
[2024-10-04T07:11:44.660+0000] {processor.py:799} INFO - Processing file /opt/airflow/dags/dag.py for tasks to queue
[2024-10-04T07:11:44.661+0000] {logging_mixin.py:149} INFO - [2024-10-04T07:11:44.661+0000] {dagbag.py:541} INFO - Filling up the DagBag from /opt/airflow/dags/dag.py
[2024-10-04T07:11:45.153+0000] {processor.py:809} INFO - DAG(s) dict_keys(['smiles_to_s3']) retrieved from /opt/airflow/dags/dag.py
[2024-10-04T07:11:45.163+0000] {logging_mixin.py:149} INFO - [2024-10-04T07:11:45.163+0000] {dag.py:2726} INFO - Sync 1 DAGs
[2024-10-04T07:11:45.176+0000] {logging_mixin.py:149} INFO - [2024-10-04T07:11:45.176+0000] {dag.py:3490} INFO - Setting next_dagrun for smiles_to_s3 to 2024-10-04T00:00:00+00:00, run_after=2024-10-05T00:00:00+00:00
[2024-10-04T07:11:45.188+0000] {processor.py:178} INFO - Processing /opt/airflow/dags/dag.py took 0.537 seconds
[2024-10-04T07:12:15.626+0000] {processor.py:156} INFO - Started process (PID=1864) to work on /opt/airflow/dags/dag.py
[2024-10-04T07:12:15.629+0000] {processor.py:799} INFO - Processing file /opt/airflow/dags/dag.py for tasks to queue
[2024-10-04T07:12:15.630+0000] {logging_mixin.py:149} INFO - [2024-10-04T07:12:15.629+0000] {dagbag.py:541} INFO - Filling up the DagBag from /opt/airflow/dags/dag.py
[2024-10-04T07:12:16.165+0000] {processor.py:809} INFO - DAG(s) dict_keys(['smiles_to_s3']) retrieved from /opt/airflow/dags/dag.py
[2024-10-04T07:12:16.175+0000] {logging_mixin.py:149} INFO - [2024-10-04T07:12:16.175+0000] {dag.py:2726} INFO - Sync 1 DAGs
[2024-10-04T07:12:16.189+0000] {logging_mixin.py:149} INFO - [2024-10-04T07:12:16.189+0000] {dag.py:3490} INFO - Setting next_dagrun for smiles_to_s3 to 2024-10-04T00:00:00+00:00, run_after=2024-10-05T00:00:00+00:00
[2024-10-04T07:12:16.198+0000] {processor.py:178} INFO - Processing /opt/airflow/dags/dag.py took 0.582 seconds
[2024-10-04T07:12:46.473+0000] {processor.py:156} INFO - Started process (PID=1877) to work on /opt/airflow/dags/dag.py
[2024-10-04T07:12:46.476+0000] {processor.py:799} INFO - Processing file /opt/airflow/dags/dag.py for tasks to queue
[2024-10-04T07:12:46.478+0000] {logging_mixin.py:149} INFO - [2024-10-04T07:12:46.478+0000] {dagbag.py:541} INFO - Filling up the DagBag from /opt/airflow/dags/dag.py
[2024-10-04T07:12:47.078+0000] {processor.py:809} INFO - DAG(s) dict_keys(['smiles_to_s3']) retrieved from /opt/airflow/dags/dag.py
[2024-10-04T07:12:47.089+0000] {logging_mixin.py:149} INFO - [2024-10-04T07:12:47.089+0000] {dag.py:2726} INFO - Sync 1 DAGs
[2024-10-04T07:12:47.104+0000] {logging_mixin.py:149} INFO - [2024-10-04T07:12:47.104+0000] {dag.py:3490} INFO - Setting next_dagrun for smiles_to_s3 to 2024-10-04T00:00:00+00:00, run_after=2024-10-05T00:00:00+00:00
[2024-10-04T07:12:47.115+0000] {processor.py:178} INFO - Processing /opt/airflow/dags/dag.py took 0.647 seconds
[2024-10-04T07:13:17.591+0000] {processor.py:156} INFO - Started process (PID=1890) to work on /opt/airflow/dags/dag.py
[2024-10-04T07:13:17.601+0000] {processor.py:799} INFO - Processing file /opt/airflow/dags/dag.py for tasks to queue
[2024-10-04T07:13:17.614+0000] {logging_mixin.py:149} INFO - [2024-10-04T07:13:17.613+0000] {dagbag.py:541} INFO - Filling up the DagBag from /opt/airflow/dags/dag.py
[2024-10-04T07:13:18.349+0000] {processor.py:809} INFO - DAG(s) dict_keys(['smiles_to_s3']) retrieved from /opt/airflow/dags/dag.py
[2024-10-04T07:13:18.365+0000] {logging_mixin.py:149} INFO - [2024-10-04T07:13:18.365+0000] {dag.py:2726} INFO - Sync 1 DAGs
[2024-10-04T07:13:18.388+0000] {logging_mixin.py:149} INFO - [2024-10-04T07:13:18.388+0000] {dag.py:3490} INFO - Setting next_dagrun for smiles_to_s3 to 2024-10-04T00:00:00+00:00, run_after=2024-10-05T00:00:00+00:00
[2024-10-04T07:13:18.440+0000] {processor.py:178} INFO - Processing /opt/airflow/dags/dag.py took 0.856 seconds
[2024-10-04T07:13:48.767+0000] {processor.py:156} INFO - Started process (PID=1903) to work on /opt/airflow/dags/dag.py
[2024-10-04T07:13:48.770+0000] {processor.py:799} INFO - Processing file /opt/airflow/dags/dag.py for tasks to queue
[2024-10-04T07:13:48.771+0000] {logging_mixin.py:149} INFO - [2024-10-04T07:13:48.771+0000] {dagbag.py:541} INFO - Filling up the DagBag from /opt/airflow/dags/dag.py
[2024-10-04T07:13:49.443+0000] {processor.py:809} INFO - DAG(s) dict_keys(['smiles_to_s3']) retrieved from /opt/airflow/dags/dag.py
[2024-10-04T07:13:49.458+0000] {logging_mixin.py:149} INFO - [2024-10-04T07:13:49.458+0000] {dag.py:2726} INFO - Sync 1 DAGs
[2024-10-04T07:13:49.488+0000] {logging_mixin.py:149} INFO - [2024-10-04T07:13:49.488+0000] {dag.py:3490} INFO - Setting next_dagrun for smiles_to_s3 to 2024-10-04T00:00:00+00:00, run_after=2024-10-05T00:00:00+00:00
[2024-10-04T07:13:49.502+0000] {processor.py:178} INFO - Processing /opt/airflow/dags/dag.py took 0.742 seconds
[2024-10-04T07:14:19.829+0000] {processor.py:156} INFO - Started process (PID=1916) to work on /opt/airflow/dags/dag.py
[2024-10-04T07:14:19.832+0000] {processor.py:799} INFO - Processing file /opt/airflow/dags/dag.py for tasks to queue
[2024-10-04T07:14:19.834+0000] {logging_mixin.py:149} INFO - [2024-10-04T07:14:19.833+0000] {dagbag.py:541} INFO - Filling up the DagBag from /opt/airflow/dags/dag.py
[2024-10-04T07:14:20.848+0000] {processor.py:809} INFO - DAG(s) dict_keys(['smiles_to_s3']) retrieved from /opt/airflow/dags/dag.py
[2024-10-04T07:14:20.867+0000] {logging_mixin.py:149} INFO - [2024-10-04T07:14:20.867+0000] {dag.py:2726} INFO - Sync 1 DAGs
[2024-10-04T07:14:20.898+0000] {logging_mixin.py:149} INFO - [2024-10-04T07:14:20.898+0000] {dag.py:3490} INFO - Setting next_dagrun for smiles_to_s3 to 2024-10-04T00:00:00+00:00, run_after=2024-10-05T00:00:00+00:00
[2024-10-04T07:14:20.921+0000] {processor.py:178} INFO - Processing /opt/airflow/dags/dag.py took 1.102 seconds
[2024-10-04T07:14:51.741+0000] {processor.py:156} INFO - Started process (PID=1929) to work on /opt/airflow/dags/dag.py
[2024-10-04T07:14:51.743+0000] {processor.py:799} INFO - Processing file /opt/airflow/dags/dag.py for tasks to queue
[2024-10-04T07:14:51.744+0000] {logging_mixin.py:149} INFO - [2024-10-04T07:14:51.744+0000] {dagbag.py:541} INFO - Filling up the DagBag from /opt/airflow/dags/dag.py
[2024-10-04T07:14:52.462+0000] {processor.py:809} INFO - DAG(s) dict_keys(['smiles_to_s3']) retrieved from /opt/airflow/dags/dag.py
[2024-10-04T07:14:52.476+0000] {logging_mixin.py:149} INFO - [2024-10-04T07:14:52.475+0000] {dag.py:2726} INFO - Sync 1 DAGs
[2024-10-04T07:14:52.495+0000] {logging_mixin.py:149} INFO - [2024-10-04T07:14:52.495+0000] {dag.py:3490} INFO - Setting next_dagrun for smiles_to_s3 to 2024-10-04T00:00:00+00:00, run_after=2024-10-05T00:00:00+00:00
[2024-10-04T07:14:52.507+0000] {processor.py:178} INFO - Processing /opt/airflow/dags/dag.py took 0.773 seconds
[2024-10-04T07:15:23.089+0000] {processor.py:156} INFO - Started process (PID=1942) to work on /opt/airflow/dags/dag.py
[2024-10-04T07:15:23.091+0000] {processor.py:799} INFO - Processing file /opt/airflow/dags/dag.py for tasks to queue
[2024-10-04T07:15:23.092+0000] {logging_mixin.py:149} INFO - [2024-10-04T07:15:23.092+0000] {dagbag.py:541} INFO - Filling up the DagBag from /opt/airflow/dags/dag.py
[2024-10-04T07:15:23.746+0000] {processor.py:809} INFO - DAG(s) dict_keys(['smiles_to_s3']) retrieved from /opt/airflow/dags/dag.py
[2024-10-04T07:15:23.758+0000] {logging_mixin.py:149} INFO - [2024-10-04T07:15:23.758+0000] {dag.py:2726} INFO - Sync 1 DAGs
[2024-10-04T07:15:23.776+0000] {logging_mixin.py:149} INFO - [2024-10-04T07:15:23.776+0000] {dag.py:3490} INFO - Setting next_dagrun for smiles_to_s3 to 2024-10-04T00:00:00+00:00, run_after=2024-10-05T00:00:00+00:00
[2024-10-04T07:15:23.788+0000] {processor.py:178} INFO - Processing /opt/airflow/dags/dag.py took 0.709 seconds
[2024-10-04T07:15:54.293+0000] {processor.py:156} INFO - Started process (PID=1955) to work on /opt/airflow/dags/dag.py
[2024-10-04T07:15:54.296+0000] {processor.py:799} INFO - Processing file /opt/airflow/dags/dag.py for tasks to queue
[2024-10-04T07:15:54.297+0000] {logging_mixin.py:149} INFO - [2024-10-04T07:15:54.297+0000] {dagbag.py:541} INFO - Filling up the DagBag from /opt/airflow/dags/dag.py
[2024-10-04T07:15:54.848+0000] {processor.py:809} INFO - DAG(s) dict_keys(['smiles_to_s3']) retrieved from /opt/airflow/dags/dag.py
[2024-10-04T07:15:54.859+0000] {logging_mixin.py:149} INFO - [2024-10-04T07:15:54.859+0000] {dag.py:2726} INFO - Sync 1 DAGs
[2024-10-04T07:15:54.873+0000] {logging_mixin.py:149} INFO - [2024-10-04T07:15:54.873+0000] {dag.py:3490} INFO - Setting next_dagrun for smiles_to_s3 to 2024-10-04T00:00:00+00:00, run_after=2024-10-05T00:00:00+00:00
[2024-10-04T07:15:54.882+0000] {processor.py:178} INFO - Processing /opt/airflow/dags/dag.py took 0.597 seconds
[2024-10-04T07:16:25.368+0000] {processor.py:156} INFO - Started process (PID=1968) to work on /opt/airflow/dags/dag.py
[2024-10-04T07:16:25.370+0000] {processor.py:799} INFO - Processing file /opt/airflow/dags/dag.py for tasks to queue
[2024-10-04T07:16:25.371+0000] {logging_mixin.py:149} INFO - [2024-10-04T07:16:25.371+0000] {dagbag.py:541} INFO - Filling up the DagBag from /opt/airflow/dags/dag.py
[2024-10-04T07:16:25.987+0000] {processor.py:809} INFO - DAG(s) dict_keys(['smiles_to_s3']) retrieved from /opt/airflow/dags/dag.py
[2024-10-04T07:16:25.997+0000] {logging_mixin.py:149} INFO - [2024-10-04T07:16:25.997+0000] {dag.py:2726} INFO - Sync 1 DAGs
[2024-10-04T07:16:26.011+0000] {logging_mixin.py:149} INFO - [2024-10-04T07:16:26.011+0000] {dag.py:3490} INFO - Setting next_dagrun for smiles_to_s3 to 2024-10-04T00:00:00+00:00, run_after=2024-10-05T00:00:00+00:00
[2024-10-04T07:16:26.023+0000] {processor.py:178} INFO - Processing /opt/airflow/dags/dag.py took 0.667 seconds
[2024-10-04T07:16:56.330+0000] {processor.py:156} INFO - Started process (PID=1981) to work on /opt/airflow/dags/dag.py
[2024-10-04T07:16:56.332+0000] {processor.py:799} INFO - Processing file /opt/airflow/dags/dag.py for tasks to queue
[2024-10-04T07:16:56.333+0000] {logging_mixin.py:149} INFO - [2024-10-04T07:16:56.333+0000] {dagbag.py:541} INFO - Filling up the DagBag from /opt/airflow/dags/dag.py
[2024-10-04T07:16:56.892+0000] {processor.py:809} INFO - DAG(s) dict_keys(['smiles_to_s3']) retrieved from /opt/airflow/dags/dag.py
[2024-10-04T07:16:56.907+0000] {logging_mixin.py:149} INFO - [2024-10-04T07:16:56.907+0000] {dag.py:2726} INFO - Sync 1 DAGs
[2024-10-04T07:16:56.922+0000] {logging_mixin.py:149} INFO - [2024-10-04T07:16:56.922+0000] {dag.py:3490} INFO - Setting next_dagrun for smiles_to_s3 to 2024-10-04T00:00:00+00:00, run_after=2024-10-05T00:00:00+00:00
[2024-10-04T07:16:56.933+0000] {processor.py:178} INFO - Processing /opt/airflow/dags/dag.py took 0.613 seconds
[2024-10-04T07:17:27.339+0000] {processor.py:156} INFO - Started process (PID=1994) to work on /opt/airflow/dags/dag.py
[2024-10-04T07:17:27.340+0000] {processor.py:799} INFO - Processing file /opt/airflow/dags/dag.py for tasks to queue
[2024-10-04T07:17:27.341+0000] {logging_mixin.py:149} INFO - [2024-10-04T07:17:27.341+0000] {dagbag.py:541} INFO - Filling up the DagBag from /opt/airflow/dags/dag.py
[2024-10-04T07:17:28.203+0000] {processor.py:809} INFO - DAG(s) dict_keys(['smiles_to_s3']) retrieved from /opt/airflow/dags/dag.py
[2024-10-04T07:17:28.218+0000] {logging_mixin.py:149} INFO - [2024-10-04T07:17:28.218+0000] {dag.py:2726} INFO - Sync 1 DAGs
[2024-10-04T07:17:28.241+0000] {logging_mixin.py:149} INFO - [2024-10-04T07:17:28.241+0000] {dag.py:3490} INFO - Setting next_dagrun for smiles_to_s3 to 2024-10-04T00:00:00+00:00, run_after=2024-10-05T00:00:00+00:00
[2024-10-04T07:17:28.255+0000] {processor.py:178} INFO - Processing /opt/airflow/dags/dag.py took 0.929 seconds
[2024-10-04T07:17:58.786+0000] {processor.py:156} INFO - Started process (PID=2007) to work on /opt/airflow/dags/dag.py
[2024-10-04T07:17:58.789+0000] {processor.py:799} INFO - Processing file /opt/airflow/dags/dag.py for tasks to queue
[2024-10-04T07:17:58.790+0000] {logging_mixin.py:149} INFO - [2024-10-04T07:17:58.790+0000] {dagbag.py:541} INFO - Filling up the DagBag from /opt/airflow/dags/dag.py
[2024-10-04T07:17:59.359+0000] {processor.py:809} INFO - DAG(s) dict_keys(['smiles_to_s3']) retrieved from /opt/airflow/dags/dag.py
[2024-10-04T07:17:59.371+0000] {logging_mixin.py:149} INFO - [2024-10-04T07:17:59.371+0000] {dag.py:2726} INFO - Sync 1 DAGs
[2024-10-04T07:17:59.389+0000] {logging_mixin.py:149} INFO - [2024-10-04T07:17:59.389+0000] {dag.py:3490} INFO - Setting next_dagrun for smiles_to_s3 to 2024-10-04T00:00:00+00:00, run_after=2024-10-05T00:00:00+00:00
[2024-10-04T07:17:59.404+0000] {processor.py:178} INFO - Processing /opt/airflow/dags/dag.py took 0.629 seconds
[2024-10-04T07:18:30.191+0000] {processor.py:156} INFO - Started process (PID=2020) to work on /opt/airflow/dags/dag.py
[2024-10-04T07:18:30.195+0000] {processor.py:799} INFO - Processing file /opt/airflow/dags/dag.py for tasks to queue
[2024-10-04T07:18:30.197+0000] {logging_mixin.py:149} INFO - [2024-10-04T07:18:30.197+0000] {dagbag.py:541} INFO - Filling up the DagBag from /opt/airflow/dags/dag.py
[2024-10-04T07:18:31.181+0000] {processor.py:809} INFO - DAG(s) dict_keys(['smiles_to_s3']) retrieved from /opt/airflow/dags/dag.py
[2024-10-04T07:18:31.207+0000] {logging_mixin.py:149} INFO - [2024-10-04T07:18:31.207+0000] {dag.py:2726} INFO - Sync 1 DAGs
[2024-10-04T07:18:31.233+0000] {logging_mixin.py:149} INFO - [2024-10-04T07:18:31.233+0000] {dag.py:3490} INFO - Setting next_dagrun for smiles_to_s3 to 2024-10-04T00:00:00+00:00, run_after=2024-10-05T00:00:00+00:00
[2024-10-04T07:18:31.258+0000] {processor.py:178} INFO - Processing /opt/airflow/dags/dag.py took 1.077 seconds
[2024-10-04T07:19:01.712+0000] {processor.py:156} INFO - Started process (PID=2033) to work on /opt/airflow/dags/dag.py
[2024-10-04T07:19:01.715+0000] {processor.py:799} INFO - Processing file /opt/airflow/dags/dag.py for tasks to queue
[2024-10-04T07:19:01.716+0000] {logging_mixin.py:149} INFO - [2024-10-04T07:19:01.716+0000] {dagbag.py:541} INFO - Filling up the DagBag from /opt/airflow/dags/dag.py
[2024-10-04T07:19:02.311+0000] {processor.py:809} INFO - DAG(s) dict_keys(['smiles_to_s3']) retrieved from /opt/airflow/dags/dag.py
[2024-10-04T07:19:02.323+0000] {logging_mixin.py:149} INFO - [2024-10-04T07:19:02.322+0000] {dag.py:2726} INFO - Sync 1 DAGs
[2024-10-04T07:19:02.338+0000] {logging_mixin.py:149} INFO - [2024-10-04T07:19:02.337+0000] {dag.py:3490} INFO - Setting next_dagrun for smiles_to_s3 to 2024-10-04T00:00:00+00:00, run_after=2024-10-05T00:00:00+00:00
[2024-10-04T07:19:02.348+0000] {processor.py:178} INFO - Processing /opt/airflow/dags/dag.py took 0.651 seconds
[2024-10-04T07:19:32.873+0000] {processor.py:156} INFO - Started process (PID=2046) to work on /opt/airflow/dags/dag.py
[2024-10-04T07:19:32.880+0000] {processor.py:799} INFO - Processing file /opt/airflow/dags/dag.py for tasks to queue
[2024-10-04T07:19:32.882+0000] {logging_mixin.py:149} INFO - [2024-10-04T07:19:32.882+0000] {dagbag.py:541} INFO - Filling up the DagBag from /opt/airflow/dags/dag.py
[2024-10-04T07:19:33.464+0000] {processor.py:809} INFO - DAG(s) dict_keys(['smiles_to_s3']) retrieved from /opt/airflow/dags/dag.py
[2024-10-04T07:19:33.477+0000] {logging_mixin.py:149} INFO - [2024-10-04T07:19:33.476+0000] {dag.py:2726} INFO - Sync 1 DAGs
[2024-10-04T07:19:33.491+0000] {logging_mixin.py:149} INFO - [2024-10-04T07:19:33.491+0000] {dag.py:3490} INFO - Setting next_dagrun for smiles_to_s3 to 2024-10-04T00:00:00+00:00, run_after=2024-10-05T00:00:00+00:00
[2024-10-04T07:19:33.500+0000] {processor.py:178} INFO - Processing /opt/airflow/dags/dag.py took 0.641 seconds
[2024-10-04T07:20:03.612+0000] {processor.py:156} INFO - Started process (PID=2059) to work on /opt/airflow/dags/dag.py
[2024-10-04T07:20:03.614+0000] {processor.py:799} INFO - Processing file /opt/airflow/dags/dag.py for tasks to queue
[2024-10-04T07:20:03.615+0000] {logging_mixin.py:149} INFO - [2024-10-04T07:20:03.615+0000] {dagbag.py:541} INFO - Filling up the DagBag from /opt/airflow/dags/dag.py
[2024-10-04T07:20:04.128+0000] {processor.py:809} INFO - DAG(s) dict_keys(['smiles_to_s3']) retrieved from /opt/airflow/dags/dag.py
[2024-10-04T07:20:04.138+0000] {logging_mixin.py:149} INFO - [2024-10-04T07:20:04.137+0000] {dag.py:2726} INFO - Sync 1 DAGs
[2024-10-04T07:20:04.152+0000] {logging_mixin.py:149} INFO - [2024-10-04T07:20:04.151+0000] {dag.py:3490} INFO - Setting next_dagrun for smiles_to_s3 to 2024-10-04T00:00:00+00:00, run_after=2024-10-05T00:00:00+00:00
[2024-10-04T07:20:04.161+0000] {processor.py:178} INFO - Processing /opt/airflow/dags/dag.py took 0.560 seconds
[2024-10-04T07:20:34.563+0000] {processor.py:156} INFO - Started process (PID=2072) to work on /opt/airflow/dags/dag.py
[2024-10-04T07:20:34.565+0000] {processor.py:799} INFO - Processing file /opt/airflow/dags/dag.py for tasks to queue
[2024-10-04T07:20:34.566+0000] {logging_mixin.py:149} INFO - [2024-10-04T07:20:34.566+0000] {dagbag.py:541} INFO - Filling up the DagBag from /opt/airflow/dags/dag.py
[2024-10-04T07:20:35.221+0000] {processor.py:809} INFO - DAG(s) dict_keys(['smiles_to_s3']) retrieved from /opt/airflow/dags/dag.py
[2024-10-04T07:20:35.235+0000] {logging_mixin.py:149} INFO - [2024-10-04T07:20:35.234+0000] {dag.py:2726} INFO - Sync 1 DAGs
[2024-10-04T07:20:35.254+0000] {logging_mixin.py:149} INFO - [2024-10-04T07:20:35.254+0000] {dag.py:3490} INFO - Setting next_dagrun for smiles_to_s3 to 2024-10-04T00:00:00+00:00, run_after=2024-10-05T00:00:00+00:00
[2024-10-04T07:20:35.267+0000] {processor.py:178} INFO - Processing /opt/airflow/dags/dag.py took 0.711 seconds
[2024-10-04T07:21:05.745+0000] {processor.py:156} INFO - Started process (PID=2085) to work on /opt/airflow/dags/dag.py
[2024-10-04T07:21:05.748+0000] {processor.py:799} INFO - Processing file /opt/airflow/dags/dag.py for tasks to queue
[2024-10-04T07:21:05.750+0000] {logging_mixin.py:149} INFO - [2024-10-04T07:21:05.750+0000] {dagbag.py:541} INFO - Filling up the DagBag from /opt/airflow/dags/dag.py
[2024-10-04T07:21:06.275+0000] {processor.py:809} INFO - DAG(s) dict_keys(['smiles_to_s3']) retrieved from /opt/airflow/dags/dag.py
[2024-10-04T07:21:06.285+0000] {logging_mixin.py:149} INFO - [2024-10-04T07:21:06.285+0000] {dag.py:2726} INFO - Sync 1 DAGs
[2024-10-04T07:21:06.298+0000] {logging_mixin.py:149} INFO - [2024-10-04T07:21:06.298+0000] {dag.py:3490} INFO - Setting next_dagrun for smiles_to_s3 to 2024-10-04T00:00:00+00:00, run_after=2024-10-05T00:00:00+00:00
[2024-10-04T07:21:06.307+0000] {processor.py:178} INFO - Processing /opt/airflow/dags/dag.py took 0.572 seconds
[2024-10-04T07:21:36.709+0000] {processor.py:156} INFO - Started process (PID=2098) to work on /opt/airflow/dags/dag.py
[2024-10-04T07:21:36.712+0000] {processor.py:799} INFO - Processing file /opt/airflow/dags/dag.py for tasks to queue
[2024-10-04T07:21:36.714+0000] {logging_mixin.py:149} INFO - [2024-10-04T07:21:36.713+0000] {dagbag.py:541} INFO - Filling up the DagBag from /opt/airflow/dags/dag.py
[2024-10-04T07:21:37.238+0000] {processor.py:809} INFO - DAG(s) dict_keys(['smiles_to_s3']) retrieved from /opt/airflow/dags/dag.py
[2024-10-04T07:21:37.248+0000] {logging_mixin.py:149} INFO - [2024-10-04T07:21:37.247+0000] {dag.py:2726} INFO - Sync 1 DAGs
[2024-10-04T07:21:37.262+0000] {logging_mixin.py:149} INFO - [2024-10-04T07:21:37.262+0000] {dag.py:3490} INFO - Setting next_dagrun for smiles_to_s3 to 2024-10-04T00:00:00+00:00, run_after=2024-10-05T00:00:00+00:00
[2024-10-04T07:21:37.271+0000] {processor.py:178} INFO - Processing /opt/airflow/dags/dag.py took 0.571 seconds
[2024-10-04T07:22:07.794+0000] {processor.py:156} INFO - Started process (PID=2111) to work on /opt/airflow/dags/dag.py
[2024-10-04T07:22:07.796+0000] {processor.py:799} INFO - Processing file /opt/airflow/dags/dag.py for tasks to queue
[2024-10-04T07:22:07.797+0000] {logging_mixin.py:149} INFO - [2024-10-04T07:22:07.797+0000] {dagbag.py:541} INFO - Filling up the DagBag from /opt/airflow/dags/dag.py
[2024-10-04T07:22:08.420+0000] {processor.py:809} INFO - DAG(s) dict_keys(['smiles_to_s3']) retrieved from /opt/airflow/dags/dag.py
[2024-10-04T07:22:08.431+0000] {logging_mixin.py:149} INFO - [2024-10-04T07:22:08.431+0000] {dag.py:2726} INFO - Sync 1 DAGs
[2024-10-04T07:22:08.446+0000] {logging_mixin.py:149} INFO - [2024-10-04T07:22:08.446+0000] {dag.py:3490} INFO - Setting next_dagrun for smiles_to_s3 to 2024-10-04T00:00:00+00:00, run_after=2024-10-05T00:00:00+00:00
[2024-10-04T07:22:08.457+0000] {processor.py:178} INFO - Processing /opt/airflow/dags/dag.py took 0.667 seconds
[2024-10-04T07:22:38.958+0000] {processor.py:156} INFO - Started process (PID=2124) to work on /opt/airflow/dags/dag.py
[2024-10-04T07:22:38.961+0000] {processor.py:799} INFO - Processing file /opt/airflow/dags/dag.py for tasks to queue
[2024-10-04T07:22:38.962+0000] {logging_mixin.py:149} INFO - [2024-10-04T07:22:38.962+0000] {dagbag.py:541} INFO - Filling up the DagBag from /opt/airflow/dags/dag.py
[2024-10-04T07:22:39.578+0000] {processor.py:809} INFO - DAG(s) dict_keys(['smiles_to_s3']) retrieved from /opt/airflow/dags/dag.py
[2024-10-04T07:22:39.587+0000] {logging_mixin.py:149} INFO - [2024-10-04T07:22:39.587+0000] {dag.py:2726} INFO - Sync 1 DAGs
[2024-10-04T07:22:39.602+0000] {logging_mixin.py:149} INFO - [2024-10-04T07:22:39.602+0000] {dag.py:3490} INFO - Setting next_dagrun for smiles_to_s3 to 2024-10-04T00:00:00+00:00, run_after=2024-10-05T00:00:00+00:00
[2024-10-04T07:22:39.613+0000] {processor.py:178} INFO - Processing /opt/airflow/dags/dag.py took 0.680 seconds
[2024-10-04T07:23:10.150+0000] {processor.py:156} INFO - Started process (PID=2137) to work on /opt/airflow/dags/dag.py
[2024-10-04T07:23:10.153+0000] {processor.py:799} INFO - Processing file /opt/airflow/dags/dag.py for tasks to queue
[2024-10-04T07:23:10.155+0000] {logging_mixin.py:149} INFO - [2024-10-04T07:23:10.154+0000] {dagbag.py:541} INFO - Filling up the DagBag from /opt/airflow/dags/dag.py
[2024-10-04T07:23:10.731+0000] {processor.py:809} INFO - DAG(s) dict_keys(['smiles_to_s3']) retrieved from /opt/airflow/dags/dag.py
[2024-10-04T07:23:10.741+0000] {logging_mixin.py:149} INFO - [2024-10-04T07:23:10.740+0000] {dag.py:2726} INFO - Sync 1 DAGs
[2024-10-04T07:23:10.754+0000] {logging_mixin.py:149} INFO - [2024-10-04T07:23:10.754+0000] {dag.py:3490} INFO - Setting next_dagrun for smiles_to_s3 to 2024-10-04T00:00:00+00:00, run_after=2024-10-05T00:00:00+00:00
[2024-10-04T07:23:10.763+0000] {processor.py:178} INFO - Processing /opt/airflow/dags/dag.py took 0.640 seconds
[2024-10-04T07:23:40.868+0000] {processor.py:156} INFO - Started process (PID=2150) to work on /opt/airflow/dags/dag.py
[2024-10-04T07:23:40.870+0000] {processor.py:799} INFO - Processing file /opt/airflow/dags/dag.py for tasks to queue
[2024-10-04T07:23:40.871+0000] {logging_mixin.py:149} INFO - [2024-10-04T07:23:40.871+0000] {dagbag.py:541} INFO - Filling up the DagBag from /opt/airflow/dags/dag.py
[2024-10-04T07:23:41.427+0000] {processor.py:809} INFO - DAG(s) dict_keys(['smiles_to_s3']) retrieved from /opt/airflow/dags/dag.py
[2024-10-04T07:23:41.437+0000] {logging_mixin.py:149} INFO - [2024-10-04T07:23:41.437+0000] {dag.py:2726} INFO - Sync 1 DAGs
[2024-10-04T07:23:41.453+0000] {logging_mixin.py:149} INFO - [2024-10-04T07:23:41.453+0000] {dag.py:3490} INFO - Setting next_dagrun for smiles_to_s3 to 2024-10-04T00:00:00+00:00, run_after=2024-10-05T00:00:00+00:00
[2024-10-04T07:23:41.462+0000] {processor.py:178} INFO - Processing /opt/airflow/dags/dag.py took 0.603 seconds
[2024-10-04T07:24:11.698+0000] {processor.py:156} INFO - Started process (PID=2163) to work on /opt/airflow/dags/dag.py
[2024-10-04T07:24:11.704+0000] {processor.py:799} INFO - Processing file /opt/airflow/dags/dag.py for tasks to queue
[2024-10-04T07:24:11.706+0000] {logging_mixin.py:149} INFO - [2024-10-04T07:24:11.706+0000] {dagbag.py:541} INFO - Filling up the DagBag from /opt/airflow/dags/dag.py
[2024-10-04T07:24:12.300+0000] {processor.py:809} INFO - DAG(s) dict_keys(['smiles_to_s3']) retrieved from /opt/airflow/dags/dag.py
[2024-10-04T07:24:12.311+0000] {logging_mixin.py:149} INFO - [2024-10-04T07:24:12.311+0000] {dag.py:2726} INFO - Sync 1 DAGs
[2024-10-04T07:24:12.324+0000] {logging_mixin.py:149} INFO - [2024-10-04T07:24:12.324+0000] {dag.py:3490} INFO - Setting next_dagrun for smiles_to_s3 to 2024-10-04T00:00:00+00:00, run_after=2024-10-05T00:00:00+00:00
[2024-10-04T07:24:12.334+0000] {processor.py:178} INFO - Processing /opt/airflow/dags/dag.py took 0.653 seconds
[2024-10-04T07:24:42.813+0000] {processor.py:156} INFO - Started process (PID=2176) to work on /opt/airflow/dags/dag.py
[2024-10-04T07:24:42.816+0000] {processor.py:799} INFO - Processing file /opt/airflow/dags/dag.py for tasks to queue
[2024-10-04T07:24:42.817+0000] {logging_mixin.py:149} INFO - [2024-10-04T07:24:42.817+0000] {dagbag.py:541} INFO - Filling up the DagBag from /opt/airflow/dags/dag.py
[2024-10-04T07:24:43.383+0000] {processor.py:809} INFO - DAG(s) dict_keys(['smiles_to_s3']) retrieved from /opt/airflow/dags/dag.py
[2024-10-04T07:24:43.393+0000] {logging_mixin.py:149} INFO - [2024-10-04T07:24:43.393+0000] {dag.py:2726} INFO - Sync 1 DAGs
[2024-10-04T07:24:43.406+0000] {logging_mixin.py:149} INFO - [2024-10-04T07:24:43.406+0000] {dag.py:3490} INFO - Setting next_dagrun for smiles_to_s3 to 2024-10-04T00:00:00+00:00, run_after=2024-10-05T00:00:00+00:00
[2024-10-04T07:24:43.416+0000] {processor.py:178} INFO - Processing /opt/airflow/dags/dag.py took 0.613 seconds
[2024-10-04T07:25:13.533+0000] {processor.py:156} INFO - Started process (PID=2189) to work on /opt/airflow/dags/dag.py
[2024-10-04T07:25:13.535+0000] {processor.py:799} INFO - Processing file /opt/airflow/dags/dag.py for tasks to queue
[2024-10-04T07:25:13.536+0000] {logging_mixin.py:149} INFO - [2024-10-04T07:25:13.536+0000] {dagbag.py:541} INFO - Filling up the DagBag from /opt/airflow/dags/dag.py
[2024-10-04T07:25:14.089+0000] {processor.py:809} INFO - DAG(s) dict_keys(['smiles_to_s3']) retrieved from /opt/airflow/dags/dag.py
[2024-10-04T07:25:14.099+0000] {logging_mixin.py:149} INFO - [2024-10-04T07:25:14.099+0000] {dag.py:2726} INFO - Sync 1 DAGs
[2024-10-04T07:25:14.114+0000] {logging_mixin.py:149} INFO - [2024-10-04T07:25:14.114+0000] {dag.py:3490} INFO - Setting next_dagrun for smiles_to_s3 to 2024-10-04T00:00:00+00:00, run_after=2024-10-05T00:00:00+00:00
[2024-10-04T07:25:14.124+0000] {processor.py:178} INFO - Processing /opt/airflow/dags/dag.py took 0.614 seconds
[2024-10-04T07:25:44.287+0000] {processor.py:156} INFO - Started process (PID=2202) to work on /opt/airflow/dags/dag.py
[2024-10-04T07:25:44.291+0000] {processor.py:799} INFO - Processing file /opt/airflow/dags/dag.py for tasks to queue
[2024-10-04T07:25:44.292+0000] {logging_mixin.py:149} INFO - [2024-10-04T07:25:44.292+0000] {dagbag.py:541} INFO - Filling up the DagBag from /opt/airflow/dags/dag.py
[2024-10-04T07:25:44.826+0000] {processor.py:809} INFO - DAG(s) dict_keys(['smiles_to_s3']) retrieved from /opt/airflow/dags/dag.py
[2024-10-04T07:25:44.835+0000] {logging_mixin.py:149} INFO - [2024-10-04T07:25:44.835+0000] {dag.py:2726} INFO - Sync 1 DAGs
[2024-10-04T07:25:44.850+0000] {logging_mixin.py:149} INFO - [2024-10-04T07:25:44.849+0000] {dag.py:3490} INFO - Setting next_dagrun for smiles_to_s3 to 2024-10-04T00:00:00+00:00, run_after=2024-10-05T00:00:00+00:00
[2024-10-04T07:25:44.865+0000] {processor.py:178} INFO - Processing /opt/airflow/dags/dag.py took 0.582 seconds
[2024-10-04T07:26:15.030+0000] {processor.py:156} INFO - Started process (PID=2215) to work on /opt/airflow/dags/dag.py
[2024-10-04T07:26:15.033+0000] {processor.py:799} INFO - Processing file /opt/airflow/dags/dag.py for tasks to queue
[2024-10-04T07:26:15.035+0000] {logging_mixin.py:149} INFO - [2024-10-04T07:26:15.034+0000] {dagbag.py:541} INFO - Filling up the DagBag from /opt/airflow/dags/dag.py
[2024-10-04T07:26:15.588+0000] {processor.py:809} INFO - DAG(s) dict_keys(['smiles_to_s3']) retrieved from /opt/airflow/dags/dag.py
[2024-10-04T07:26:15.600+0000] {logging_mixin.py:149} INFO - [2024-10-04T07:26:15.600+0000] {dag.py:2726} INFO - Sync 1 DAGs
[2024-10-04T07:26:15.803+0000] {logging_mixin.py:149} INFO - [2024-10-04T07:26:15.802+0000] {dag.py:3490} INFO - Setting next_dagrun for smiles_to_s3 to 2024-10-04T00:00:00+00:00, run_after=2024-10-05T00:00:00+00:00
[2024-10-04T07:26:15.842+0000] {processor.py:178} INFO - Processing /opt/airflow/dags/dag.py took 0.844 seconds
[2024-10-04T07:26:46.245+0000] {processor.py:156} INFO - Started process (PID=2228) to work on /opt/airflow/dags/dag.py
[2024-10-04T07:26:46.250+0000] {processor.py:799} INFO - Processing file /opt/airflow/dags/dag.py for tasks to queue
[2024-10-04T07:26:46.251+0000] {logging_mixin.py:149} INFO - [2024-10-04T07:26:46.251+0000] {dagbag.py:541} INFO - Filling up the DagBag from /opt/airflow/dags/dag.py
[2024-10-04T07:26:46.823+0000] {processor.py:809} INFO - DAG(s) dict_keys(['smiles_to_s3']) retrieved from /opt/airflow/dags/dag.py
[2024-10-04T07:26:46.833+0000] {logging_mixin.py:149} INFO - [2024-10-04T07:26:46.833+0000] {dag.py:2726} INFO - Sync 1 DAGs
[2024-10-04T07:26:46.847+0000] {logging_mixin.py:149} INFO - [2024-10-04T07:26:46.847+0000] {dag.py:3490} INFO - Setting next_dagrun for smiles_to_s3 to 2024-10-04T00:00:00+00:00, run_after=2024-10-05T00:00:00+00:00
[2024-10-04T07:26:46.860+0000] {processor.py:178} INFO - Processing /opt/airflow/dags/dag.py took 0.637 seconds
[2024-10-04T07:27:17.225+0000] {processor.py:156} INFO - Started process (PID=2241) to work on /opt/airflow/dags/dag.py
[2024-10-04T07:27:17.228+0000] {processor.py:799} INFO - Processing file /opt/airflow/dags/dag.py for tasks to queue
[2024-10-04T07:27:17.229+0000] {logging_mixin.py:149} INFO - [2024-10-04T07:27:17.229+0000] {dagbag.py:541} INFO - Filling up the DagBag from /opt/airflow/dags/dag.py
[2024-10-04T07:27:17.832+0000] {processor.py:809} INFO - DAG(s) dict_keys(['smiles_to_s3']) retrieved from /opt/airflow/dags/dag.py
[2024-10-04T07:27:17.861+0000] {logging_mixin.py:149} INFO - [2024-10-04T07:27:17.861+0000] {dag.py:2726} INFO - Sync 1 DAGs
[2024-10-04T07:27:17.877+0000] {logging_mixin.py:149} INFO - [2024-10-04T07:27:17.876+0000] {dag.py:3490} INFO - Setting next_dagrun for smiles_to_s3 to 2024-10-04T00:00:00+00:00, run_after=2024-10-05T00:00:00+00:00
[2024-10-04T07:27:17.885+0000] {processor.py:178} INFO - Processing /opt/airflow/dags/dag.py took 0.667 seconds
[2024-10-04T07:27:48.240+0000] {processor.py:156} INFO - Started process (PID=2254) to work on /opt/airflow/dags/dag.py
[2024-10-04T07:27:48.243+0000] {processor.py:799} INFO - Processing file /opt/airflow/dags/dag.py for tasks to queue
[2024-10-04T07:27:48.244+0000] {logging_mixin.py:149} INFO - [2024-10-04T07:27:48.243+0000] {dagbag.py:541} INFO - Filling up the DagBag from /opt/airflow/dags/dag.py
[2024-10-04T07:27:48.844+0000] {processor.py:809} INFO - DAG(s) dict_keys(['smiles_to_s3']) retrieved from /opt/airflow/dags/dag.py
[2024-10-04T07:27:48.860+0000] {logging_mixin.py:149} INFO - [2024-10-04T07:27:48.860+0000] {dag.py:2726} INFO - Sync 1 DAGs
[2024-10-04T07:27:48.877+0000] {logging_mixin.py:149} INFO - [2024-10-04T07:27:48.877+0000] {dag.py:3490} INFO - Setting next_dagrun for smiles_to_s3 to 2024-10-04T00:00:00+00:00, run_after=2024-10-05T00:00:00+00:00
[2024-10-04T07:27:48.887+0000] {processor.py:178} INFO - Processing /opt/airflow/dags/dag.py took 0.654 seconds
[2024-10-04T07:28:19.297+0000] {processor.py:156} INFO - Started process (PID=2267) to work on /opt/airflow/dags/dag.py
[2024-10-04T07:28:19.299+0000] {processor.py:799} INFO - Processing file /opt/airflow/dags/dag.py for tasks to queue
[2024-10-04T07:28:19.300+0000] {logging_mixin.py:149} INFO - [2024-10-04T07:28:19.300+0000] {dagbag.py:541} INFO - Filling up the DagBag from /opt/airflow/dags/dag.py
[2024-10-04T07:28:19.873+0000] {processor.py:809} INFO - DAG(s) dict_keys(['smiles_to_s3']) retrieved from /opt/airflow/dags/dag.py
[2024-10-04T07:28:19.895+0000] {logging_mixin.py:149} INFO - [2024-10-04T07:28:19.895+0000] {dag.py:2726} INFO - Sync 1 DAGs
[2024-10-04T07:28:19.916+0000] {logging_mixin.py:149} INFO - [2024-10-04T07:28:19.916+0000] {dag.py:3490} INFO - Setting next_dagrun for smiles_to_s3 to 2024-10-04T00:00:00+00:00, run_after=2024-10-05T00:00:00+00:00
[2024-10-04T07:28:19.927+0000] {processor.py:178} INFO - Processing /opt/airflow/dags/dag.py took 0.637 seconds
[2024-10-04T07:28:50.282+0000] {processor.py:156} INFO - Started process (PID=2280) to work on /opt/airflow/dags/dag.py
[2024-10-04T07:28:50.284+0000] {processor.py:799} INFO - Processing file /opt/airflow/dags/dag.py for tasks to queue
[2024-10-04T07:28:50.285+0000] {logging_mixin.py:149} INFO - [2024-10-04T07:28:50.285+0000] {dagbag.py:541} INFO - Filling up the DagBag from /opt/airflow/dags/dag.py
[2024-10-04T07:28:50.856+0000] {processor.py:809} INFO - DAG(s) dict_keys(['smiles_to_s3']) retrieved from /opt/airflow/dags/dag.py
[2024-10-04T07:28:50.866+0000] {logging_mixin.py:149} INFO - [2024-10-04T07:28:50.866+0000] {dag.py:2726} INFO - Sync 1 DAGs
[2024-10-04T07:28:50.880+0000] {logging_mixin.py:149} INFO - [2024-10-04T07:28:50.880+0000] {dag.py:3490} INFO - Setting next_dagrun for smiles_to_s3 to 2024-10-04T00:00:00+00:00, run_after=2024-10-05T00:00:00+00:00
[2024-10-04T07:28:50.889+0000] {processor.py:178} INFO - Processing /opt/airflow/dags/dag.py took 0.615 seconds
[2024-10-04T07:29:21.381+0000] {processor.py:156} INFO - Started process (PID=2293) to work on /opt/airflow/dags/dag.py
[2024-10-04T07:29:21.383+0000] {processor.py:799} INFO - Processing file /opt/airflow/dags/dag.py for tasks to queue
[2024-10-04T07:29:21.384+0000] {logging_mixin.py:149} INFO - [2024-10-04T07:29:21.384+0000] {dagbag.py:541} INFO - Filling up the DagBag from /opt/airflow/dags/dag.py
[2024-10-04T07:29:21.952+0000] {processor.py:809} INFO - DAG(s) dict_keys(['smiles_to_s3']) retrieved from /opt/airflow/dags/dag.py
[2024-10-04T07:29:21.962+0000] {logging_mixin.py:149} INFO - [2024-10-04T07:29:21.962+0000] {dag.py:2726} INFO - Sync 1 DAGs
[2024-10-04T07:29:21.976+0000] {logging_mixin.py:149} INFO - [2024-10-04T07:29:21.976+0000] {dag.py:3490} INFO - Setting next_dagrun for smiles_to_s3 to 2024-10-04T00:00:00+00:00, run_after=2024-10-05T00:00:00+00:00
[2024-10-04T07:29:21.985+0000] {processor.py:178} INFO - Processing /opt/airflow/dags/dag.py took 0.613 seconds
[2024-10-04T07:29:52.595+0000] {processor.py:156} INFO - Started process (PID=2306) to work on /opt/airflow/dags/dag.py
[2024-10-04T07:29:52.597+0000] {processor.py:799} INFO - Processing file /opt/airflow/dags/dag.py for tasks to queue
[2024-10-04T07:29:52.598+0000] {logging_mixin.py:149} INFO - [2024-10-04T07:29:52.598+0000] {dagbag.py:541} INFO - Filling up the DagBag from /opt/airflow/dags/dag.py
[2024-10-04T07:29:53.294+0000] {processor.py:809} INFO - DAG(s) dict_keys(['smiles_to_s3']) retrieved from /opt/airflow/dags/dag.py
[2024-10-04T07:29:53.316+0000] {logging_mixin.py:149} INFO - [2024-10-04T07:29:53.315+0000] {dag.py:2726} INFO - Sync 1 DAGs
[2024-10-04T07:29:53.331+0000] {logging_mixin.py:149} INFO - [2024-10-04T07:29:53.331+0000] {dag.py:3490} INFO - Setting next_dagrun for smiles_to_s3 to 2024-10-04T00:00:00+00:00, run_after=2024-10-05T00:00:00+00:00
[2024-10-04T07:29:53.341+0000] {processor.py:178} INFO - Processing /opt/airflow/dags/dag.py took 0.751 seconds
[2024-10-04T07:30:23.834+0000] {processor.py:156} INFO - Started process (PID=2319) to work on /opt/airflow/dags/dag.py
[2024-10-04T07:30:23.838+0000] {processor.py:799} INFO - Processing file /opt/airflow/dags/dag.py for tasks to queue
[2024-10-04T07:30:23.839+0000] {logging_mixin.py:149} INFO - [2024-10-04T07:30:23.839+0000] {dagbag.py:541} INFO - Filling up the DagBag from /opt/airflow/dags/dag.py
[2024-10-04T07:30:24.490+0000] {processor.py:809} INFO - DAG(s) dict_keys(['smiles_to_s3']) retrieved from /opt/airflow/dags/dag.py
[2024-10-04T07:30:24.502+0000] {logging_mixin.py:149} INFO - [2024-10-04T07:30:24.502+0000] {dag.py:2726} INFO - Sync 1 DAGs
[2024-10-04T07:30:24.519+0000] {logging_mixin.py:149} INFO - [2024-10-04T07:30:24.519+0000] {dag.py:3490} INFO - Setting next_dagrun for smiles_to_s3 to 2024-10-04T00:00:00+00:00, run_after=2024-10-05T00:00:00+00:00
[2024-10-04T07:30:24.531+0000] {processor.py:178} INFO - Processing /opt/airflow/dags/dag.py took 0.705 seconds
[2024-10-04T07:30:54.652+0000] {processor.py:156} INFO - Started process (PID=2332) to work on /opt/airflow/dags/dag.py
[2024-10-04T07:30:54.654+0000] {processor.py:799} INFO - Processing file /opt/airflow/dags/dag.py for tasks to queue
[2024-10-04T07:30:54.656+0000] {logging_mixin.py:149} INFO - [2024-10-04T07:30:54.655+0000] {dagbag.py:541} INFO - Filling up the DagBag from /opt/airflow/dags/dag.py
[2024-10-04T07:30:55.360+0000] {processor.py:809} INFO - DAG(s) dict_keys(['smiles_to_s3']) retrieved from /opt/airflow/dags/dag.py
[2024-10-04T07:30:55.373+0000] {logging_mixin.py:149} INFO - [2024-10-04T07:30:55.372+0000] {dag.py:2726} INFO - Sync 1 DAGs
[2024-10-04T07:30:55.390+0000] {logging_mixin.py:149} INFO - [2024-10-04T07:30:55.390+0000] {dag.py:3490} INFO - Setting next_dagrun for smiles_to_s3 to 2024-10-04T00:00:00+00:00, run_after=2024-10-05T00:00:00+00:00
[2024-10-04T07:30:55.404+0000] {processor.py:178} INFO - Processing /opt/airflow/dags/dag.py took 0.759 seconds
[2024-10-04T07:31:25.795+0000] {processor.py:156} INFO - Started process (PID=2345) to work on /opt/airflow/dags/dag.py
[2024-10-04T07:31:25.797+0000] {processor.py:799} INFO - Processing file /opt/airflow/dags/dag.py for tasks to queue
[2024-10-04T07:31:25.798+0000] {logging_mixin.py:149} INFO - [2024-10-04T07:31:25.798+0000] {dagbag.py:541} INFO - Filling up the DagBag from /opt/airflow/dags/dag.py
[2024-10-04T07:31:26.452+0000] {processor.py:809} INFO - DAG(s) dict_keys(['smiles_to_s3']) retrieved from /opt/airflow/dags/dag.py
[2024-10-04T07:31:26.464+0000] {logging_mixin.py:149} INFO - [2024-10-04T07:31:26.464+0000] {dag.py:2726} INFO - Sync 1 DAGs
[2024-10-04T07:31:26.484+0000] {logging_mixin.py:149} INFO - [2024-10-04T07:31:26.484+0000] {dag.py:3490} INFO - Setting next_dagrun for smiles_to_s3 to 2024-10-04T00:00:00+00:00, run_after=2024-10-05T00:00:00+00:00
[2024-10-04T07:31:26.500+0000] {processor.py:178} INFO - Processing /opt/airflow/dags/dag.py took 0.711 seconds
[2024-10-04T07:31:56.841+0000] {processor.py:156} INFO - Started process (PID=2358) to work on /opt/airflow/dags/dag.py
[2024-10-04T07:31:56.843+0000] {processor.py:799} INFO - Processing file /opt/airflow/dags/dag.py for tasks to queue
[2024-10-04T07:31:56.844+0000] {logging_mixin.py:149} INFO - [2024-10-04T07:31:56.844+0000] {dagbag.py:541} INFO - Filling up the DagBag from /opt/airflow/dags/dag.py
[2024-10-04T07:31:57.325+0000] {processor.py:809} INFO - DAG(s) dict_keys(['smiles_to_s3']) retrieved from /opt/airflow/dags/dag.py
[2024-10-04T07:31:57.335+0000] {logging_mixin.py:149} INFO - [2024-10-04T07:31:57.335+0000] {dag.py:2726} INFO - Sync 1 DAGs
[2024-10-04T07:31:57.348+0000] {logging_mixin.py:149} INFO - [2024-10-04T07:31:57.348+0000] {dag.py:3490} INFO - Setting next_dagrun for smiles_to_s3 to 2024-10-04T00:00:00+00:00, run_after=2024-10-05T00:00:00+00:00
[2024-10-04T07:31:57.357+0000] {processor.py:178} INFO - Processing /opt/airflow/dags/dag.py took 0.521 seconds
[2024-10-04T07:32:27.673+0000] {processor.py:156} INFO - Started process (PID=2371) to work on /opt/airflow/dags/dag.py
[2024-10-04T07:32:27.674+0000] {processor.py:799} INFO - Processing file /opt/airflow/dags/dag.py for tasks to queue
[2024-10-04T07:32:27.675+0000] {logging_mixin.py:149} INFO - [2024-10-04T07:32:27.675+0000] {dagbag.py:541} INFO - Filling up the DagBag from /opt/airflow/dags/dag.py
[2024-10-04T07:32:28.166+0000] {processor.py:809} INFO - DAG(s) dict_keys(['smiles_to_s3']) retrieved from /opt/airflow/dags/dag.py
[2024-10-04T07:32:28.179+0000] {logging_mixin.py:149} INFO - [2024-10-04T07:32:28.179+0000] {dag.py:2726} INFO - Sync 1 DAGs
[2024-10-04T07:32:28.194+0000] {logging_mixin.py:149} INFO - [2024-10-04T07:32:28.193+0000] {dag.py:3490} INFO - Setting next_dagrun for smiles_to_s3 to 2024-10-04T00:00:00+00:00, run_after=2024-10-05T00:00:00+00:00
[2024-10-04T07:32:28.203+0000] {processor.py:178} INFO - Processing /opt/airflow/dags/dag.py took 0.535 seconds
[2024-10-04T07:32:58.627+0000] {processor.py:156} INFO - Started process (PID=2384) to work on /opt/airflow/dags/dag.py
[2024-10-04T07:32:58.630+0000] {processor.py:799} INFO - Processing file /opt/airflow/dags/dag.py for tasks to queue
[2024-10-04T07:32:58.631+0000] {logging_mixin.py:149} INFO - [2024-10-04T07:32:58.631+0000] {dagbag.py:541} INFO - Filling up the DagBag from /opt/airflow/dags/dag.py
[2024-10-04T07:32:59.245+0000] {processor.py:809} INFO - DAG(s) dict_keys(['smiles_to_s3']) retrieved from /opt/airflow/dags/dag.py
[2024-10-04T07:32:59.255+0000] {logging_mixin.py:149} INFO - [2024-10-04T07:32:59.255+0000] {dag.py:2726} INFO - Sync 1 DAGs
[2024-10-04T07:32:59.268+0000] {logging_mixin.py:149} INFO - [2024-10-04T07:32:59.268+0000] {dag.py:3490} INFO - Setting next_dagrun for smiles_to_s3 to 2024-10-04T00:00:00+00:00, run_after=2024-10-05T00:00:00+00:00
[2024-10-04T07:32:59.277+0000] {processor.py:178} INFO - Processing /opt/airflow/dags/dag.py took 0.660 seconds
[2024-10-04T07:33:29.658+0000] {processor.py:156} INFO - Started process (PID=2397) to work on /opt/airflow/dags/dag.py
[2024-10-04T07:33:29.660+0000] {processor.py:799} INFO - Processing file /opt/airflow/dags/dag.py for tasks to queue
[2024-10-04T07:33:29.662+0000] {logging_mixin.py:149} INFO - [2024-10-04T07:33:29.661+0000] {dagbag.py:541} INFO - Filling up the DagBag from /opt/airflow/dags/dag.py
[2024-10-04T07:33:30.389+0000] {processor.py:809} INFO - DAG(s) dict_keys(['smiles_to_s3']) retrieved from /opt/airflow/dags/dag.py
[2024-10-04T07:33:30.401+0000] {logging_mixin.py:149} INFO - [2024-10-04T07:33:30.401+0000] {dag.py:2726} INFO - Sync 1 DAGs
[2024-10-04T07:33:30.421+0000] {logging_mixin.py:149} INFO - [2024-10-04T07:33:30.420+0000] {dag.py:3490} INFO - Setting next_dagrun for smiles_to_s3 to 2024-10-04T00:00:00+00:00, run_after=2024-10-05T00:00:00+00:00
[2024-10-04T07:33:30.434+0000] {processor.py:178} INFO - Processing /opt/airflow/dags/dag.py took 0.786 seconds
[2024-10-04T07:34:00.779+0000] {processor.py:156} INFO - Started process (PID=2410) to work on /opt/airflow/dags/dag.py
[2024-10-04T07:34:00.781+0000] {processor.py:799} INFO - Processing file /opt/airflow/dags/dag.py for tasks to queue
[2024-10-04T07:34:00.782+0000] {logging_mixin.py:149} INFO - [2024-10-04T07:34:00.782+0000] {dagbag.py:541} INFO - Filling up the DagBag from /opt/airflow/dags/dag.py
[2024-10-04T07:34:01.429+0000] {processor.py:809} INFO - DAG(s) dict_keys(['smiles_to_s3']) retrieved from /opt/airflow/dags/dag.py
[2024-10-04T07:34:01.442+0000] {logging_mixin.py:149} INFO - [2024-10-04T07:34:01.442+0000] {dag.py:2726} INFO - Sync 1 DAGs
[2024-10-04T07:34:01.460+0000] {logging_mixin.py:149} INFO - [2024-10-04T07:34:01.460+0000] {dag.py:3490} INFO - Setting next_dagrun for smiles_to_s3 to 2024-10-04T00:00:00+00:00, run_after=2024-10-05T00:00:00+00:00
[2024-10-04T07:34:01.474+0000] {processor.py:178} INFO - Processing /opt/airflow/dags/dag.py took 0.704 seconds
[2024-10-04T07:34:31.969+0000] {processor.py:156} INFO - Started process (PID=2423) to work on /opt/airflow/dags/dag.py
[2024-10-04T07:34:31.971+0000] {processor.py:799} INFO - Processing file /opt/airflow/dags/dag.py for tasks to queue
[2024-10-04T07:34:31.972+0000] {logging_mixin.py:149} INFO - [2024-10-04T07:34:31.972+0000] {dagbag.py:541} INFO - Filling up the DagBag from /opt/airflow/dags/dag.py
[2024-10-04T07:34:33.000+0000] {processor.py:809} INFO - DAG(s) dict_keys(['smiles_to_s3']) retrieved from /opt/airflow/dags/dag.py
[2024-10-04T07:34:33.016+0000] {logging_mixin.py:149} INFO - [2024-10-04T07:34:33.015+0000] {dag.py:2726} INFO - Sync 1 DAGs
[2024-10-04T07:34:33.035+0000] {logging_mixin.py:149} INFO - [2024-10-04T07:34:33.034+0000] {dag.py:3490} INFO - Setting next_dagrun for smiles_to_s3 to 2024-10-04T00:00:00+00:00, run_after=2024-10-05T00:00:00+00:00
[2024-10-04T07:34:33.050+0000] {processor.py:178} INFO - Processing /opt/airflow/dags/dag.py took 1.090 seconds
[2024-10-04T07:35:03.909+0000] {processor.py:156} INFO - Started process (PID=2436) to work on /opt/airflow/dags/dag.py
[2024-10-04T07:35:03.913+0000] {processor.py:799} INFO - Processing file /opt/airflow/dags/dag.py for tasks to queue
[2024-10-04T07:35:03.914+0000] {logging_mixin.py:149} INFO - [2024-10-04T07:35:03.913+0000] {dagbag.py:541} INFO - Filling up the DagBag from /opt/airflow/dags/dag.py
[2024-10-04T07:35:04.438+0000] {processor.py:809} INFO - DAG(s) dict_keys(['smiles_to_s3']) retrieved from /opt/airflow/dags/dag.py
[2024-10-04T07:35:04.449+0000] {logging_mixin.py:149} INFO - [2024-10-04T07:35:04.449+0000] {dag.py:2726} INFO - Sync 1 DAGs
[2024-10-04T07:35:04.463+0000] {logging_mixin.py:149} INFO - [2024-10-04T07:35:04.463+0000] {dag.py:3490} INFO - Setting next_dagrun for smiles_to_s3 to 2024-10-04T00:00:00+00:00, run_after=2024-10-05T00:00:00+00:00
[2024-10-04T07:35:04.472+0000] {processor.py:178} INFO - Processing /opt/airflow/dags/dag.py took 0.570 seconds
[2024-10-04T07:35:35.022+0000] {processor.py:156} INFO - Started process (PID=2449) to work on /opt/airflow/dags/dag.py
[2024-10-04T07:35:35.025+0000] {processor.py:799} INFO - Processing file /opt/airflow/dags/dag.py for tasks to queue
[2024-10-04T07:35:35.026+0000] {logging_mixin.py:149} INFO - [2024-10-04T07:35:35.026+0000] {dagbag.py:541} INFO - Filling up the DagBag from /opt/airflow/dags/dag.py
[2024-10-04T07:35:35.574+0000] {processor.py:809} INFO - DAG(s) dict_keys(['smiles_to_s3']) retrieved from /opt/airflow/dags/dag.py
[2024-10-04T07:35:35.583+0000] {logging_mixin.py:149} INFO - [2024-10-04T07:35:35.583+0000] {dag.py:2726} INFO - Sync 1 DAGs
[2024-10-04T07:35:35.603+0000] {logging_mixin.py:149} INFO - [2024-10-04T07:35:35.603+0000] {dag.py:3490} INFO - Setting next_dagrun for smiles_to_s3 to 2024-10-04T00:00:00+00:00, run_after=2024-10-05T00:00:00+00:00
[2024-10-04T07:35:35.618+0000] {processor.py:178} INFO - Processing /opt/airflow/dags/dag.py took 0.610 seconds
[2024-10-04T07:36:05.756+0000] {processor.py:156} INFO - Started process (PID=2462) to work on /opt/airflow/dags/dag.py
[2024-10-04T07:36:05.759+0000] {processor.py:799} INFO - Processing file /opt/airflow/dags/dag.py for tasks to queue
[2024-10-04T07:36:05.760+0000] {logging_mixin.py:149} INFO - [2024-10-04T07:36:05.759+0000] {dagbag.py:541} INFO - Filling up the DagBag from /opt/airflow/dags/dag.py
[2024-10-04T07:36:06.382+0000] {processor.py:809} INFO - DAG(s) dict_keys(['smiles_to_s3']) retrieved from /opt/airflow/dags/dag.py
[2024-10-04T07:36:06.392+0000] {logging_mixin.py:149} INFO - [2024-10-04T07:36:06.392+0000] {dag.py:2726} INFO - Sync 1 DAGs
[2024-10-04T07:36:06.414+0000] {logging_mixin.py:149} INFO - [2024-10-04T07:36:06.414+0000] {dag.py:3490} INFO - Setting next_dagrun for smiles_to_s3 to 2024-10-04T00:00:00+00:00, run_after=2024-10-05T00:00:00+00:00
[2024-10-04T07:36:06.423+0000] {processor.py:178} INFO - Processing /opt/airflow/dags/dag.py took 0.676 seconds
[2024-10-04T07:36:36.836+0000] {processor.py:156} INFO - Started process (PID=2475) to work on /opt/airflow/dags/dag.py
[2024-10-04T07:36:36.839+0000] {processor.py:799} INFO - Processing file /opt/airflow/dags/dag.py for tasks to queue
[2024-10-04T07:36:36.840+0000] {logging_mixin.py:149} INFO - [2024-10-04T07:36:36.840+0000] {dagbag.py:541} INFO - Filling up the DagBag from /opt/airflow/dags/dag.py
[2024-10-04T07:36:37.530+0000] {processor.py:809} INFO - DAG(s) dict_keys(['smiles_to_s3']) retrieved from /opt/airflow/dags/dag.py
[2024-10-04T07:36:37.540+0000] {logging_mixin.py:149} INFO - [2024-10-04T07:36:37.540+0000] {dag.py:2726} INFO - Sync 1 DAGs
[2024-10-04T07:36:37.554+0000] {logging_mixin.py:149} INFO - [2024-10-04T07:36:37.554+0000] {dag.py:3490} INFO - Setting next_dagrun for smiles_to_s3 to 2024-10-04T00:00:00+00:00, run_after=2024-10-05T00:00:00+00:00
[2024-10-04T07:36:37.562+0000] {processor.py:178} INFO - Processing /opt/airflow/dags/dag.py took 0.735 seconds
[2024-10-04T07:37:07.990+0000] {processor.py:156} INFO - Started process (PID=2488) to work on /opt/airflow/dags/dag.py
[2024-10-04T07:37:07.992+0000] {processor.py:799} INFO - Processing file /opt/airflow/dags/dag.py for tasks to queue
[2024-10-04T07:37:07.993+0000] {logging_mixin.py:149} INFO - [2024-10-04T07:37:07.993+0000] {dagbag.py:541} INFO - Filling up the DagBag from /opt/airflow/dags/dag.py
[2024-10-04T07:37:08.648+0000] {processor.py:809} INFO - DAG(s) dict_keys(['smiles_to_s3']) retrieved from /opt/airflow/dags/dag.py
[2024-10-04T07:37:08.658+0000] {logging_mixin.py:149} INFO - [2024-10-04T07:37:08.658+0000] {dag.py:2726} INFO - Sync 1 DAGs
[2024-10-04T07:37:08.672+0000] {logging_mixin.py:149} INFO - [2024-10-04T07:37:08.671+0000] {dag.py:3490} INFO - Setting next_dagrun for smiles_to_s3 to 2024-10-04T00:00:00+00:00, run_after=2024-10-05T00:00:00+00:00
[2024-10-04T07:37:08.682+0000] {processor.py:178} INFO - Processing /opt/airflow/dags/dag.py took 0.701 seconds
[2024-10-04T07:37:38.946+0000] {processor.py:156} INFO - Started process (PID=2501) to work on /opt/airflow/dags/dag.py
[2024-10-04T07:37:38.949+0000] {processor.py:799} INFO - Processing file /opt/airflow/dags/dag.py for tasks to queue
[2024-10-04T07:37:38.950+0000] {logging_mixin.py:149} INFO - [2024-10-04T07:37:38.950+0000] {dagbag.py:541} INFO - Filling up the DagBag from /opt/airflow/dags/dag.py
[2024-10-04T07:37:39.541+0000] {processor.py:809} INFO - DAG(s) dict_keys(['smiles_to_s3']) retrieved from /opt/airflow/dags/dag.py
[2024-10-04T07:37:39.552+0000] {logging_mixin.py:149} INFO - [2024-10-04T07:37:39.552+0000] {dag.py:2726} INFO - Sync 1 DAGs
[2024-10-04T07:37:39.566+0000] {logging_mixin.py:149} INFO - [2024-10-04T07:37:39.566+0000] {dag.py:3490} INFO - Setting next_dagrun for smiles_to_s3 to 2024-10-04T00:00:00+00:00, run_after=2024-10-05T00:00:00+00:00
[2024-10-04T07:37:39.576+0000] {processor.py:178} INFO - Processing /opt/airflow/dags/dag.py took 0.637 seconds
[2024-10-04T07:38:10.092+0000] {processor.py:156} INFO - Started process (PID=2514) to work on /opt/airflow/dags/dag.py
[2024-10-04T07:38:10.096+0000] {processor.py:799} INFO - Processing file /opt/airflow/dags/dag.py for tasks to queue
[2024-10-04T07:38:10.098+0000] {logging_mixin.py:149} INFO - [2024-10-04T07:38:10.098+0000] {dagbag.py:541} INFO - Filling up the DagBag from /opt/airflow/dags/dag.py
[2024-10-04T07:38:10.944+0000] {processor.py:809} INFO - DAG(s) dict_keys(['smiles_to_s3']) retrieved from /opt/airflow/dags/dag.py
[2024-10-04T07:38:10.967+0000] {logging_mixin.py:149} INFO - [2024-10-04T07:38:10.966+0000] {dag.py:2726} INFO - Sync 1 DAGs
[2024-10-04T07:38:10.991+0000] {logging_mixin.py:149} INFO - [2024-10-04T07:38:10.990+0000] {dag.py:3490} INFO - Setting next_dagrun for smiles_to_s3 to 2024-10-04T00:00:00+00:00, run_after=2024-10-05T00:00:00+00:00
[2024-10-04T07:38:11.005+0000] {processor.py:178} INFO - Processing /opt/airflow/dags/dag.py took 0.921 seconds
[2024-10-04T07:38:41.474+0000] {processor.py:156} INFO - Started process (PID=2527) to work on /opt/airflow/dags/dag.py
[2024-10-04T07:38:41.477+0000] {processor.py:799} INFO - Processing file /opt/airflow/dags/dag.py for tasks to queue
[2024-10-04T07:38:41.478+0000] {logging_mixin.py:149} INFO - [2024-10-04T07:38:41.478+0000] {dagbag.py:541} INFO - Filling up the DagBag from /opt/airflow/dags/dag.py
[2024-10-04T07:38:42.081+0000] {processor.py:809} INFO - DAG(s) dict_keys(['smiles_to_s3']) retrieved from /opt/airflow/dags/dag.py
[2024-10-04T07:38:42.093+0000] {logging_mixin.py:149} INFO - [2024-10-04T07:38:42.092+0000] {dag.py:2726} INFO - Sync 1 DAGs
[2024-10-04T07:38:42.109+0000] {logging_mixin.py:149} INFO - [2024-10-04T07:38:42.109+0000] {dag.py:3490} INFO - Setting next_dagrun for smiles_to_s3 to 2024-10-04T00:00:00+00:00, run_after=2024-10-05T00:00:00+00:00
[2024-10-04T07:38:42.119+0000] {processor.py:178} INFO - Processing /opt/airflow/dags/dag.py took 0.653 seconds
[2024-10-04T07:39:12.523+0000] {processor.py:156} INFO - Started process (PID=2540) to work on /opt/airflow/dags/dag.py
[2024-10-04T07:39:12.525+0000] {processor.py:799} INFO - Processing file /opt/airflow/dags/dag.py for tasks to queue
[2024-10-04T07:39:12.526+0000] {logging_mixin.py:149} INFO - [2024-10-04T07:39:12.526+0000] {dagbag.py:541} INFO - Filling up the DagBag from /opt/airflow/dags/dag.py
[2024-10-04T07:39:13.099+0000] {processor.py:809} INFO - DAG(s) dict_keys(['smiles_to_s3']) retrieved from /opt/airflow/dags/dag.py
[2024-10-04T07:39:13.111+0000] {logging_mixin.py:149} INFO - [2024-10-04T07:39:13.110+0000] {dag.py:2726} INFO - Sync 1 DAGs
[2024-10-04T07:39:13.126+0000] {logging_mixin.py:149} INFO - [2024-10-04T07:39:13.126+0000] {dag.py:3490} INFO - Setting next_dagrun for smiles_to_s3 to 2024-10-04T00:00:00+00:00, run_after=2024-10-05T00:00:00+00:00
[2024-10-04T07:39:13.134+0000] {processor.py:178} INFO - Processing /opt/airflow/dags/dag.py took 0.618 seconds
[2024-10-04T07:39:43.294+0000] {processor.py:156} INFO - Started process (PID=2553) to work on /opt/airflow/dags/dag.py
[2024-10-04T07:39:43.296+0000] {processor.py:799} INFO - Processing file /opt/airflow/dags/dag.py for tasks to queue
[2024-10-04T07:39:43.297+0000] {logging_mixin.py:149} INFO - [2024-10-04T07:39:43.297+0000] {dagbag.py:541} INFO - Filling up the DagBag from /opt/airflow/dags/dag.py
[2024-10-04T07:39:43.852+0000] {processor.py:809} INFO - DAG(s) dict_keys(['smiles_to_s3']) retrieved from /opt/airflow/dags/dag.py
[2024-10-04T07:39:43.862+0000] {logging_mixin.py:149} INFO - [2024-10-04T07:39:43.862+0000] {dag.py:2726} INFO - Sync 1 DAGs
[2024-10-04T07:39:43.877+0000] {logging_mixin.py:149} INFO - [2024-10-04T07:39:43.877+0000] {dag.py:3490} INFO - Setting next_dagrun for smiles_to_s3 to 2024-10-04T00:00:00+00:00, run_after=2024-10-05T00:00:00+00:00
[2024-10-04T07:39:43.888+0000] {processor.py:178} INFO - Processing /opt/airflow/dags/dag.py took 0.603 seconds
[2024-10-04T07:40:14.024+0000] {processor.py:156} INFO - Started process (PID=2566) to work on /opt/airflow/dags/dag.py
[2024-10-04T07:40:14.026+0000] {processor.py:799} INFO - Processing file /opt/airflow/dags/dag.py for tasks to queue
[2024-10-04T07:40:14.027+0000] {logging_mixin.py:149} INFO - [2024-10-04T07:40:14.027+0000] {dagbag.py:541} INFO - Filling up the DagBag from /opt/airflow/dags/dag.py
[2024-10-04T07:40:14.632+0000] {processor.py:809} INFO - DAG(s) dict_keys(['smiles_to_s3']) retrieved from /opt/airflow/dags/dag.py
[2024-10-04T07:40:14.643+0000] {logging_mixin.py:149} INFO - [2024-10-04T07:40:14.643+0000] {dag.py:2726} INFO - Sync 1 DAGs
[2024-10-04T07:40:14.657+0000] {logging_mixin.py:149} INFO - [2024-10-04T07:40:14.656+0000] {dag.py:3490} INFO - Setting next_dagrun for smiles_to_s3 to 2024-10-04T00:00:00+00:00, run_after=2024-10-05T00:00:00+00:00
[2024-10-04T07:40:14.665+0000] {processor.py:178} INFO - Processing /opt/airflow/dags/dag.py took 0.656 seconds
[2024-10-04T07:40:45.146+0000] {processor.py:156} INFO - Started process (PID=2579) to work on /opt/airflow/dags/dag.py
[2024-10-04T07:40:45.148+0000] {processor.py:799} INFO - Processing file /opt/airflow/dags/dag.py for tasks to queue
[2024-10-04T07:40:45.149+0000] {logging_mixin.py:149} INFO - [2024-10-04T07:40:45.149+0000] {dagbag.py:541} INFO - Filling up the DagBag from /opt/airflow/dags/dag.py
[2024-10-04T07:40:45.731+0000] {processor.py:809} INFO - DAG(s) dict_keys(['smiles_to_s3']) retrieved from /opt/airflow/dags/dag.py
[2024-10-04T07:40:45.741+0000] {logging_mixin.py:149} INFO - [2024-10-04T07:40:45.741+0000] {dag.py:2726} INFO - Sync 1 DAGs
[2024-10-04T07:40:45.755+0000] {logging_mixin.py:149} INFO - [2024-10-04T07:40:45.755+0000] {dag.py:3490} INFO - Setting next_dagrun for smiles_to_s3 to 2024-10-04T00:00:00+00:00, run_after=2024-10-05T00:00:00+00:00
[2024-10-04T07:40:45.765+0000] {processor.py:178} INFO - Processing /opt/airflow/dags/dag.py took 0.644 seconds
[2024-10-04T07:41:16.123+0000] {processor.py:156} INFO - Started process (PID=2592) to work on /opt/airflow/dags/dag.py
[2024-10-04T07:41:16.125+0000] {processor.py:799} INFO - Processing file /opt/airflow/dags/dag.py for tasks to queue
[2024-10-04T07:41:16.126+0000] {logging_mixin.py:149} INFO - [2024-10-04T07:41:16.126+0000] {dagbag.py:541} INFO - Filling up the DagBag from /opt/airflow/dags/dag.py
[2024-10-04T07:41:16.684+0000] {processor.py:809} INFO - DAG(s) dict_keys(['smiles_to_s3']) retrieved from /opt/airflow/dags/dag.py
[2024-10-04T07:41:16.694+0000] {logging_mixin.py:149} INFO - [2024-10-04T07:41:16.694+0000] {dag.py:2726} INFO - Sync 1 DAGs
[2024-10-04T07:41:16.708+0000] {logging_mixin.py:149} INFO - [2024-10-04T07:41:16.708+0000] {dag.py:3490} INFO - Setting next_dagrun for smiles_to_s3 to 2024-10-04T00:00:00+00:00, run_after=2024-10-05T00:00:00+00:00
[2024-10-04T07:41:16.717+0000] {processor.py:178} INFO - Processing /opt/airflow/dags/dag.py took 0.601 seconds
[2024-10-04T07:41:47.083+0000] {processor.py:156} INFO - Started process (PID=2605) to work on /opt/airflow/dags/dag.py
[2024-10-04T07:41:47.085+0000] {processor.py:799} INFO - Processing file /opt/airflow/dags/dag.py for tasks to queue
[2024-10-04T07:41:47.091+0000] {logging_mixin.py:149} INFO - [2024-10-04T07:41:47.090+0000] {dagbag.py:541} INFO - Filling up the DagBag from /opt/airflow/dags/dag.py
[2024-10-04T07:41:47.772+0000] {processor.py:809} INFO - DAG(s) dict_keys(['smiles_to_s3']) retrieved from /opt/airflow/dags/dag.py
[2024-10-04T07:41:47.782+0000] {logging_mixin.py:149} INFO - [2024-10-04T07:41:47.782+0000] {dag.py:2726} INFO - Sync 1 DAGs
[2024-10-04T07:41:47.796+0000] {logging_mixin.py:149} INFO - [2024-10-04T07:41:47.796+0000] {dag.py:3490} INFO - Setting next_dagrun for smiles_to_s3 to 2024-10-04T00:00:00+00:00, run_after=2024-10-05T00:00:00+00:00
[2024-10-04T07:41:47.805+0000] {processor.py:178} INFO - Processing /opt/airflow/dags/dag.py took 0.729 seconds
[2024-10-04T07:42:18.085+0000] {processor.py:156} INFO - Started process (PID=2618) to work on /opt/airflow/dags/dag.py
[2024-10-04T07:42:18.086+0000] {processor.py:799} INFO - Processing file /opt/airflow/dags/dag.py for tasks to queue
[2024-10-04T07:42:18.087+0000] {logging_mixin.py:149} INFO - [2024-10-04T07:42:18.087+0000] {dagbag.py:541} INFO - Filling up the DagBag from /opt/airflow/dags/dag.py
[2024-10-04T07:42:18.662+0000] {processor.py:809} INFO - DAG(s) dict_keys(['smiles_to_s3']) retrieved from /opt/airflow/dags/dag.py
[2024-10-04T07:42:18.672+0000] {logging_mixin.py:149} INFO - [2024-10-04T07:42:18.671+0000] {dag.py:2726} INFO - Sync 1 DAGs
[2024-10-04T07:42:18.685+0000] {logging_mixin.py:149} INFO - [2024-10-04T07:42:18.685+0000] {dag.py:3490} INFO - Setting next_dagrun for smiles_to_s3 to 2024-10-04T00:00:00+00:00, run_after=2024-10-05T00:00:00+00:00
[2024-10-04T07:42:18.693+0000] {processor.py:178} INFO - Processing /opt/airflow/dags/dag.py took 0.630 seconds
[2024-10-04T07:42:49.092+0000] {processor.py:156} INFO - Started process (PID=2631) to work on /opt/airflow/dags/dag.py
[2024-10-04T07:42:49.096+0000] {processor.py:799} INFO - Processing file /opt/airflow/dags/dag.py for tasks to queue
[2024-10-04T07:42:49.097+0000] {logging_mixin.py:149} INFO - [2024-10-04T07:42:49.097+0000] {dagbag.py:541} INFO - Filling up the DagBag from /opt/airflow/dags/dag.py
[2024-10-04T07:42:49.808+0000] {processor.py:809} INFO - DAG(s) dict_keys(['smiles_to_s3']) retrieved from /opt/airflow/dags/dag.py
[2024-10-04T07:42:49.826+0000] {logging_mixin.py:149} INFO - [2024-10-04T07:42:49.825+0000] {dag.py:2726} INFO - Sync 1 DAGs
[2024-10-04T07:42:49.845+0000] {logging_mixin.py:149} INFO - [2024-10-04T07:42:49.845+0000] {dag.py:3490} INFO - Setting next_dagrun for smiles_to_s3 to 2024-10-04T00:00:00+00:00, run_after=2024-10-05T00:00:00+00:00
[2024-10-04T07:42:49.857+0000] {processor.py:178} INFO - Processing /opt/airflow/dags/dag.py took 0.772 seconds
[2024-10-04T07:43:20.260+0000] {processor.py:156} INFO - Started process (PID=2644) to work on /opt/airflow/dags/dag.py
[2024-10-04T07:43:20.263+0000] {processor.py:799} INFO - Processing file /opt/airflow/dags/dag.py for tasks to queue
[2024-10-04T07:43:20.264+0000] {logging_mixin.py:149} INFO - [2024-10-04T07:43:20.264+0000] {dagbag.py:541} INFO - Filling up the DagBag from /opt/airflow/dags/dag.py
[2024-10-04T07:43:20.891+0000] {processor.py:809} INFO - DAG(s) dict_keys(['smiles_to_s3']) retrieved from /opt/airflow/dags/dag.py
[2024-10-04T07:43:20.924+0000] {logging_mixin.py:149} INFO - [2024-10-04T07:43:20.924+0000] {dag.py:2726} INFO - Sync 1 DAGs
[2024-10-04T07:43:20.940+0000] {logging_mixin.py:149} INFO - [2024-10-04T07:43:20.940+0000] {dag.py:3490} INFO - Setting next_dagrun for smiles_to_s3 to 2024-10-04T00:00:00+00:00, run_after=2024-10-05T00:00:00+00:00
[2024-10-04T07:43:20.956+0000] {processor.py:178} INFO - Processing /opt/airflow/dags/dag.py took 0.705 seconds
[2024-10-04T07:43:51.156+0000] {processor.py:156} INFO - Started process (PID=2657) to work on /opt/airflow/dags/dag.py
[2024-10-04T07:43:51.158+0000] {processor.py:799} INFO - Processing file /opt/airflow/dags/dag.py for tasks to queue
[2024-10-04T07:43:51.159+0000] {logging_mixin.py:149} INFO - [2024-10-04T07:43:51.158+0000] {dagbag.py:541} INFO - Filling up the DagBag from /opt/airflow/dags/dag.py
[2024-10-04T07:43:51.730+0000] {processor.py:809} INFO - DAG(s) dict_keys(['smiles_to_s3']) retrieved from /opt/airflow/dags/dag.py
[2024-10-04T07:43:51.740+0000] {logging_mixin.py:149} INFO - [2024-10-04T07:43:51.740+0000] {dag.py:2726} INFO - Sync 1 DAGs
[2024-10-04T07:43:51.753+0000] {logging_mixin.py:149} INFO - [2024-10-04T07:43:51.753+0000] {dag.py:3490} INFO - Setting next_dagrun for smiles_to_s3 to 2024-10-04T00:00:00+00:00, run_after=2024-10-05T00:00:00+00:00
[2024-10-04T07:43:51.763+0000] {processor.py:178} INFO - Processing /opt/airflow/dags/dag.py took 0.616 seconds
[2024-10-04T07:44:22.299+0000] {processor.py:156} INFO - Started process (PID=2670) to work on /opt/airflow/dags/dag.py
[2024-10-04T07:44:22.302+0000] {processor.py:799} INFO - Processing file /opt/airflow/dags/dag.py for tasks to queue
[2024-10-04T07:44:22.303+0000] {logging_mixin.py:149} INFO - [2024-10-04T07:44:22.303+0000] {dagbag.py:541} INFO - Filling up the DagBag from /opt/airflow/dags/dag.py
[2024-10-04T07:44:22.958+0000] {processor.py:809} INFO - DAG(s) dict_keys(['smiles_to_s3']) retrieved from /opt/airflow/dags/dag.py
[2024-10-04T07:44:23.000+0000] {logging_mixin.py:149} INFO - [2024-10-04T07:44:23.000+0000] {dag.py:2726} INFO - Sync 1 DAGs
[2024-10-04T07:44:23.023+0000] {logging_mixin.py:149} INFO - [2024-10-04T07:44:23.023+0000] {dag.py:3490} INFO - Setting next_dagrun for smiles_to_s3 to 2024-10-04T00:00:00+00:00, run_after=2024-10-05T00:00:00+00:00
[2024-10-04T07:44:23.036+0000] {processor.py:178} INFO - Processing /opt/airflow/dags/dag.py took 0.747 seconds
[2024-10-04T07:44:53.142+0000] {processor.py:156} INFO - Started process (PID=2683) to work on /opt/airflow/dags/dag.py
[2024-10-04T07:44:53.145+0000] {processor.py:799} INFO - Processing file /opt/airflow/dags/dag.py for tasks to queue
[2024-10-04T07:44:53.146+0000] {logging_mixin.py:149} INFO - [2024-10-04T07:44:53.146+0000] {dagbag.py:541} INFO - Filling up the DagBag from /opt/airflow/dags/dag.py
[2024-10-04T07:44:53.707+0000] {processor.py:809} INFO - DAG(s) dict_keys(['smiles_to_s3']) retrieved from /opt/airflow/dags/dag.py
[2024-10-04T07:44:53.717+0000] {logging_mixin.py:149} INFO - [2024-10-04T07:44:53.717+0000] {dag.py:2726} INFO - Sync 1 DAGs
[2024-10-04T07:44:53.731+0000] {logging_mixin.py:149} INFO - [2024-10-04T07:44:53.731+0000] {dag.py:3490} INFO - Setting next_dagrun for smiles_to_s3 to 2024-10-04T00:00:00+00:00, run_after=2024-10-05T00:00:00+00:00
[2024-10-04T07:44:53.741+0000] {processor.py:178} INFO - Processing /opt/airflow/dags/dag.py took 0.619 seconds
[2024-10-04T07:45:23.876+0000] {processor.py:156} INFO - Started process (PID=2696) to work on /opt/airflow/dags/dag.py
[2024-10-04T07:45:23.879+0000] {processor.py:799} INFO - Processing file /opt/airflow/dags/dag.py for tasks to queue
[2024-10-04T07:45:23.880+0000] {logging_mixin.py:149} INFO - [2024-10-04T07:45:23.880+0000] {dagbag.py:541} INFO - Filling up the DagBag from /opt/airflow/dags/dag.py
[2024-10-04T07:45:24.453+0000] {processor.py:809} INFO - DAG(s) dict_keys(['smiles_to_s3']) retrieved from /opt/airflow/dags/dag.py
[2024-10-04T07:45:24.463+0000] {logging_mixin.py:149} INFO - [2024-10-04T07:45:24.463+0000] {dag.py:2726} INFO - Sync 1 DAGs
[2024-10-04T07:45:24.477+0000] {logging_mixin.py:149} INFO - [2024-10-04T07:45:24.477+0000] {dag.py:3490} INFO - Setting next_dagrun for smiles_to_s3 to 2024-10-04T00:00:00+00:00, run_after=2024-10-05T00:00:00+00:00
[2024-10-04T07:45:24.486+0000] {processor.py:178} INFO - Processing /opt/airflow/dags/dag.py took 0.619 seconds
[2024-10-04T07:45:54.900+0000] {processor.py:156} INFO - Started process (PID=2709) to work on /opt/airflow/dags/dag.py
[2024-10-04T07:45:54.902+0000] {processor.py:799} INFO - Processing file /opt/airflow/dags/dag.py for tasks to queue
[2024-10-04T07:45:54.903+0000] {logging_mixin.py:149} INFO - [2024-10-04T07:45:54.903+0000] {dagbag.py:541} INFO - Filling up the DagBag from /opt/airflow/dags/dag.py
[2024-10-04T07:45:55.437+0000] {processor.py:809} INFO - DAG(s) dict_keys(['smiles_to_s3']) retrieved from /opt/airflow/dags/dag.py
[2024-10-04T07:45:55.446+0000] {logging_mixin.py:149} INFO - [2024-10-04T07:45:55.446+0000] {dag.py:2726} INFO - Sync 1 DAGs
[2024-10-04T07:45:55.460+0000] {logging_mixin.py:149} INFO - [2024-10-04T07:45:55.460+0000] {dag.py:3490} INFO - Setting next_dagrun for smiles_to_s3 to 2024-10-04T00:00:00+00:00, run_after=2024-10-05T00:00:00+00:00
[2024-10-04T07:45:55.468+0000] {processor.py:178} INFO - Processing /opt/airflow/dags/dag.py took 0.577 seconds
[2024-10-04T07:46:25.930+0000] {processor.py:156} INFO - Started process (PID=2722) to work on /opt/airflow/dags/dag.py
[2024-10-04T07:46:25.932+0000] {processor.py:799} INFO - Processing file /opt/airflow/dags/dag.py for tasks to queue
[2024-10-04T07:46:25.933+0000] {logging_mixin.py:149} INFO - [2024-10-04T07:46:25.933+0000] {dagbag.py:541} INFO - Filling up the DagBag from /opt/airflow/dags/dag.py
[2024-10-04T07:46:26.465+0000] {processor.py:809} INFO - DAG(s) dict_keys(['smiles_to_s3']) retrieved from /opt/airflow/dags/dag.py
[2024-10-04T07:46:26.475+0000] {logging_mixin.py:149} INFO - [2024-10-04T07:46:26.474+0000] {dag.py:2726} INFO - Sync 1 DAGs
[2024-10-04T07:46:26.494+0000] {logging_mixin.py:149} INFO - [2024-10-04T07:46:26.494+0000] {dag.py:3490} INFO - Setting next_dagrun for smiles_to_s3 to 2024-10-04T00:00:00+00:00, run_after=2024-10-05T00:00:00+00:00
[2024-10-04T07:46:26.506+0000] {processor.py:178} INFO - Processing /opt/airflow/dags/dag.py took 0.583 seconds
[2024-10-04T07:46:56.958+0000] {processor.py:156} INFO - Started process (PID=2735) to work on /opt/airflow/dags/dag.py
[2024-10-04T07:46:56.960+0000] {processor.py:799} INFO - Processing file /opt/airflow/dags/dag.py for tasks to queue
[2024-10-04T07:46:56.961+0000] {logging_mixin.py:149} INFO - [2024-10-04T07:46:56.961+0000] {dagbag.py:541} INFO - Filling up the DagBag from /opt/airflow/dags/dag.py
[2024-10-04T07:46:57.531+0000] {processor.py:809} INFO - DAG(s) dict_keys(['smiles_to_s3']) retrieved from /opt/airflow/dags/dag.py
[2024-10-04T07:46:57.541+0000] {logging_mixin.py:149} INFO - [2024-10-04T07:46:57.541+0000] {dag.py:2726} INFO - Sync 1 DAGs
[2024-10-04T07:46:57.556+0000] {logging_mixin.py:149} INFO - [2024-10-04T07:46:57.556+0000] {dag.py:3490} INFO - Setting next_dagrun for smiles_to_s3 to 2024-10-04T00:00:00+00:00, run_after=2024-10-05T00:00:00+00:00
[2024-10-04T07:46:57.565+0000] {processor.py:178} INFO - Processing /opt/airflow/dags/dag.py took 0.615 seconds
